{"/Users/tagawahirotaka/Desktop/ui-components/src/client.js": {"path":"/Users/tagawahirotaka/Desktop/ui-components/src/client.js","statementMap":{"0":{"start":{"line":1,"column":26},"end":{"line":1,"column":42}},"1":{"start":{"line":1,"column":57},"end":{"line":1,"column":87}},"2":{"start":{"line":2,"column":16},"end":{"line":2,"column":36}},"3":{"start":{"line":3,"column":28},"end":{"line":3,"column":81}},"4":{"start":{"line":3,"column":111},"end":{"line":3,"column":156}},"5":{"start":{"line":3,"column":195},"end":{"line":3,"column":249}},"6":{"start":{"line":5,"column":0},"end":{"line":7,"column":32}}},"fnMap":{"0":{"name":"_interopRequireDefault","decl":{"start":{"line":3,"column":166},"end":{"line":3,"column":188}},"loc":{"start":{"line":3,"column":194},"end":{"line":3,"column":250}},"line":3}},"branchMap":{"0":{"loc":{"start":{"line":3,"column":202},"end":{"line":3,"column":248}},"type":"cond-expr","locations":[{"start":{"line":3,"column":226},"end":{"line":3,"column":229}},{"start":{"line":3,"column":232},"end":{"line":3,"column":248}}],"line":3},"1":{"loc":{"start":{"line":3,"column":202},"end":{"line":3,"column":223}},"type":"binary-expr","locations":[{"start":{"line":3,"column":202},"end":{"line":3,"column":205}},{"start":{"line":3,"column":209},"end":{"line":3,"column":223}}],"line":3}},"s":{"0":0,"1":0,"2":0,"3":0,"4":0,"5":0,"6":0},"f":{"0":0},"b":{"0":[0,0],"1":[0,0]}}
,"/Users/tagawahirotaka/Desktop/ui-components/src/components/atoms/Anchor/index.js": {"path":"/Users/tagawahirotaka/Desktop/ui-components/src/components/atoms/Anchor/index.js","statementMap":{"0":{"start":{"line":1,"column":13},"end":{"line":1,"column":75}},"1":{"start":{"line":1,"column":88},"end":{"line":1,"column":104}},"2":{"start":{"line":1,"column":119},"end":{"line":1,"column":149}},"3":{"start":{"line":1,"column":188},"end":{"line":1,"column":242}},"4":{"start":{"line":1,"column":302},"end":{"line":1,"column":304}},"5":{"start":{"line":1,"column":305},"end":{"line":1,"column":440}},"6":{"start":{"line":1,"column":325},"end":{"line":1,"column":360}},"7":{"start":{"line":1,"column":351},"end":{"line":1,"column":360}},"8":{"start":{"line":1,"column":360},"end":{"line":1,"column":420}},"9":{"start":{"line":1,"column":411},"end":{"line":1,"column":420}},"10":{"start":{"line":1,"column":420},"end":{"line":1,"column":439}},"11":{"start":{"line":1,"column":440},"end":{"line":1,"column":454}},"12":{"start":{"line":3,"column":13},"end":{"line":4,"column":48}},"13":{"start":{"line":3,"column":48},"end":{"line":3,"column":82}},"14":{"start":{"line":3,"column":83},"end":{"line":4,"column":47}},"15":{"start":{"line":4,"column":49},"end":{"line":4,"column":79}},"16":{"start":{"line":4,"column":79},"end":{"line":6,"column":7}},"17":{"start":{"line":6,"column":7},"end":{"line":6,"column":43}}},"fnMap":{"0":{"name":"_interopRequireDefault","decl":{"start":{"line":1,"column":159},"end":{"line":1,"column":181}},"loc":{"start":{"line":1,"column":187},"end":{"line":1,"column":243}},"line":1},"1":{"name":"_objectWithoutProperties","decl":{"start":{"line":1,"column":252},"end":{"line":1,"column":276}},"loc":{"start":{"line":1,"column":288},"end":{"line":1,"column":455}},"line":1},"2":{"name":"Anchor","decl":{"start":{"line":3,"column":22},"end":{"line":3,"column":28}},"loc":{"start":{"line":3,"column":35},"end":{"line":4,"column":48}},"line":3}},"branchMap":{"0":{"loc":{"start":{"line":1,"column":195},"end":{"line":1,"column":241}},"type":"cond-expr","locations":[{"start":{"line":1,"column":219},"end":{"line":1,"column":222}},{"start":{"line":1,"column":225},"end":{"line":1,"column":241}}],"line":1},"1":{"loc":{"start":{"line":1,"column":195},"end":{"line":1,"column":216}},"type":"binary-expr","locations":[{"start":{"line":1,"column":195},"end":{"line":1,"column":198}},{"start":{"line":1,"column":202},"end":{"line":1,"column":216}}],"line":1},"2":{"loc":{"start":{"line":1,"column":325},"end":{"line":1,"column":360}},"type":"if","locations":[{"start":{"line":1,"column":325},"end":{"line":1,"column":360}},{"start":{"line":1,"column":325},"end":{"line":1,"column":360}}],"line":1},"3":{"loc":{"start":{"line":1,"column":360},"end":{"line":1,"column":420}},"type":"if","locations":[{"start":{"line":1,"column":360},"end":{"line":1,"column":420}},{"start":{"line":1,"column":360},"end":{"line":1,"column":420}}],"line":1}},"s":{"0":0,"1":0,"2":0,"3":0,"4":0,"5":0,"6":0,"7":0,"8":0,"9":0,"10":0,"11":0,"12":0,"13":0,"14":0,"15":0,"16":0,"17":0},"f":{"0":0,"1":0,"2":0},"b":{"0":[0,0],"1":[0,0],"2":[0,0],"3":[0,0]}}
,"/Users/tagawahirotaka/Desktop/ui-components/src/components/atoms/Balloon/index.js": {"path":"/Users/tagawahirotaka/Desktop/ui-components/src/components/atoms/Balloon/index.js","statementMap":{"0":{"start":{"line":1,"column":13},"end":{"line":1,"column":75}},"1":{"start":{"line":1,"column":75},"end":{"line":1,"column":106}},"2":{"start":{"line":1,"column":121},"end":{"line":1,"column":352}},"3":{"start":{"line":1,"column":157},"end":{"line":1,"column":337}},"4":{"start":{"line":1,"column":214},"end":{"line":1,"column":226}},"5":{"start":{"line":1,"column":227},"end":{"line":1,"column":336}},"6":{"start":{"line":1,"column":252},"end":{"line":1,"column":335}},"7":{"start":{"line":1,"column":308},"end":{"line":1,"column":334}},"8":{"start":{"line":1,"column":337},"end":{"line":1,"column":351}},"9":{"start":{"line":1,"column":366},"end":{"line":1,"column":382}},"10":{"start":{"line":1,"column":397},"end":{"line":1,"column":427}},"11":{"start":{"line":2,"column":14},"end":{"line":2,"column":37}},"12":{"start":{"line":2,"column":53},"end":{"line":2,"column":84}},"13":{"start":{"line":3,"column":13},"end":{"line":3,"column":55}},"14":{"start":{"line":3,"column":70},"end":{"line":3,"column":100}},"15":{"start":{"line":3,"column":139},"end":{"line":3,"column":193}},"16":{"start":{"line":3,"column":253},"end":{"line":3,"column":255}},"17":{"start":{"line":3,"column":256},"end":{"line":3,"column":391}},"18":{"start":{"line":3,"column":276},"end":{"line":3,"column":311}},"19":{"start":{"line":3,"column":302},"end":{"line":3,"column":311}},"20":{"start":{"line":3,"column":311},"end":{"line":3,"column":371}},"21":{"start":{"line":3,"column":362},"end":{"line":3,"column":371}},"22":{"start":{"line":3,"column":371},"end":{"line":3,"column":390}},"23":{"start":{"line":3,"column":391},"end":{"line":3,"column":405}},"24":{"start":{"line":5,"column":14},"end":{"line":7,"column":18}},"25":{"start":{"line":5,"column":53},"end":{"line":5,"column":66}},"26":{"start":{"line":5,"column":79},"end":{"line":5,"column":93}},"27":{"start":{"line":5,"column":102},"end":{"line":5,"column":159}},"28":{"start":{"line":5,"column":160},"end":{"line":7,"column":17}},"29":{"start":{"line":7,"column":19},"end":{"line":7,"column":51}},"30":{"start":{"line":7,"column":51},"end":{"line":10,"column":8}},"31":{"start":{"line":12,"column":17},"end":{"line":15,"column":110}},"32":{"start":{"line":12,"column":60},"end":{"line":12,"column":74}},"33":{"start":{"line":12,"column":83},"end":{"line":12,"column":94}},"34":{"start":{"line":12,"column":107},"end":{"line":12,"column":122}},"35":{"start":{"line":12,"column":131},"end":{"line":12,"column":198}},"36":{"start":{"line":12,"column":199},"end":{"line":15,"column":109}},"37":{"start":{"line":15,"column":111},"end":{"line":15,"column":149}},"38":{"start":{"line":15,"column":149},"end":{"line":15,"column":181}}},"fnMap":{"0":{"name":"(anonymous_0)","decl":{"start":{"line":1,"column":138},"end":{"line":1,"column":139}},"loc":{"start":{"line":1,"column":156},"end":{"line":1,"column":352}},"line":1},"1":{"name":"_interopRequireDefault","decl":{"start":{"line":3,"column":110},"end":{"line":3,"column":132}},"loc":{"start":{"line":3,"column":138},"end":{"line":3,"column":194}},"line":3},"2":{"name":"_objectWithoutProperties","decl":{"start":{"line":3,"column":203},"end":{"line":3,"column":227}},"loc":{"start":{"line":3,"column":239},"end":{"line":3,"column":406}},"line":3},"3":{"name":"Balloon","decl":{"start":{"line":5,"column":23},"end":{"line":5,"column":30}},"loc":{"start":{"line":5,"column":37},"end":{"line":7,"column":18}},"line":5},"4":{"name":"BalloonTip","decl":{"start":{"line":12,"column":26},"end":{"line":12,"column":36}},"loc":{"start":{"line":12,"column":44},"end":{"line":15,"column":110}},"line":12}},"branchMap":{"0":{"loc":{"start":{"line":1,"column":121},"end":{"line":1,"column":352}},"type":"binary-expr","locations":[{"start":{"line":1,"column":121},"end":{"line":1,"column":134}},{"start":{"line":1,"column":138},"end":{"line":1,"column":352}}],"line":1},"1":{"loc":{"start":{"line":1,"column":252},"end":{"line":1,"column":335}},"type":"if","locations":[{"start":{"line":1,"column":252},"end":{"line":1,"column":335}},{"start":{"line":1,"column":252},"end":{"line":1,"column":335}}],"line":1},"2":{"loc":{"start":{"line":3,"column":146},"end":{"line":3,"column":192}},"type":"cond-expr","locations":[{"start":{"line":3,"column":170},"end":{"line":3,"column":173}},{"start":{"line":3,"column":176},"end":{"line":3,"column":192}}],"line":3},"3":{"loc":{"start":{"line":3,"column":146},"end":{"line":3,"column":167}},"type":"binary-expr","locations":[{"start":{"line":3,"column":146},"end":{"line":3,"column":149}},{"start":{"line":3,"column":153},"end":{"line":3,"column":167}}],"line":3},"4":{"loc":{"start":{"line":3,"column":276},"end":{"line":3,"column":311}},"type":"if","locations":[{"start":{"line":3,"column":276},"end":{"line":3,"column":311}},{"start":{"line":3,"column":276},"end":{"line":3,"column":311}}],"line":3},"5":{"loc":{"start":{"line":3,"column":311},"end":{"line":3,"column":371}},"type":"if","locations":[{"start":{"line":3,"column":311},"end":{"line":3,"column":371}},{"start":{"line":3,"column":311},"end":{"line":3,"column":371}}],"line":3}},"s":{"0":0,"1":0,"2":0,"3":0,"4":0,"5":0,"6":0,"7":0,"8":0,"9":0,"10":0,"11":0,"12":0,"13":0,"14":0,"15":0,"16":0,"17":0,"18":0,"19":0,"20":0,"21":0,"22":0,"23":0,"24":0,"25":0,"26":0,"27":0,"28":0,"29":0,"30":0,"31":0,"32":0,"33":0,"34":0,"35":0,"36":0,"37":0,"38":0},"f":{"0":0,"1":0,"2":0,"3":0,"4":0},"b":{"0":[0,0],"1":[0,0],"2":[0,0],"3":[0,0],"4":[0,0],"5":[0,0]}}
,"/Users/tagawahirotaka/Desktop/ui-components/src/components/atoms/Button/index.js": {"path":"/Users/tagawahirotaka/Desktop/ui-components/src/components/atoms/Button/index.js","statementMap":{"0":{"start":{"line":1,"column":13},"end":{"line":1,"column":75}},"1":{"start":{"line":1,"column":75},"end":{"line":1,"column":150}},"2":{"start":{"line":1,"column":165},"end":{"line":1,"column":396}},"3":{"start":{"line":1,"column":201},"end":{"line":1,"column":381}},"4":{"start":{"line":1,"column":258},"end":{"line":1,"column":270}},"5":{"start":{"line":1,"column":271},"end":{"line":1,"column":380}},"6":{"start":{"line":1,"column":296},"end":{"line":1,"column":379}},"7":{"start":{"line":1,"column":352},"end":{"line":1,"column":378}},"8":{"start":{"line":1,"column":381},"end":{"line":1,"column":395}},"9":{"start":{"line":1,"column":410},"end":{"line":1,"column":426}},"10":{"start":{"line":1,"column":441},"end":{"line":1,"column":471}},"11":{"start":{"line":2,"column":14},"end":{"line":2,"column":37}},"12":{"start":{"line":2,"column":53},"end":{"line":2,"column":84}},"13":{"start":{"line":2,"column":123},"end":{"line":2,"column":177}},"14":{"start":{"line":2,"column":237},"end":{"line":2,"column":239}},"15":{"start":{"line":2,"column":240},"end":{"line":2,"column":375}},"16":{"start":{"line":2,"column":260},"end":{"line":2,"column":295}},"17":{"start":{"line":2,"column":286},"end":{"line":2,"column":295}},"18":{"start":{"line":2,"column":295},"end":{"line":2,"column":355}},"19":{"start":{"line":2,"column":346},"end":{"line":2,"column":355}},"20":{"start":{"line":2,"column":355},"end":{"line":2,"column":374}},"21":{"start":{"line":2,"column":375},"end":{"line":2,"column":389}},"22":{"start":{"line":5,"column":2},"end":{"line":6,"column":163}},"23":{"start":{"line":5,"column":41},"end":{"line":5,"column":54}},"24":{"start":{"line":5,"column":67},"end":{"line":5,"column":81}},"25":{"start":{"line":5,"column":90},"end":{"line":5,"column":147}},"26":{"start":{"line":5,"column":148},"end":{"line":6,"column":161}},"27":{"start":{"line":10,"column":13},"end":{"line":10,"column":54}},"28":{"start":{"line":11,"column":20},"end":{"line":11,"column":68}},"29":{"start":{"line":12,"column":20},"end":{"line":12,"column":68}},"30":{"start":{"line":12,"column":69},"end":{"line":14,"column":7}}},"fnMap":{"0":{"name":"(anonymous_0)","decl":{"start":{"line":1,"column":182},"end":{"line":1,"column":183}},"loc":{"start":{"line":1,"column":200},"end":{"line":1,"column":396}},"line":1},"1":{"name":"_interopRequireDefault","decl":{"start":{"line":2,"column":94},"end":{"line":2,"column":116}},"loc":{"start":{"line":2,"column":122},"end":{"line":2,"column":178}},"line":2},"2":{"name":"_objectWithoutProperties","decl":{"start":{"line":2,"column":187},"end":{"line":2,"column":211}},"loc":{"start":{"line":2,"column":223},"end":{"line":2,"column":390}},"line":2},"3":{"name":"buttonFactory","decl":{"start":{"line":4,"column":9},"end":{"line":4,"column":22}},"loc":{"start":{"line":4,"column":29},"end":{"line":8,"column":1}},"line":4},"4":{"name":"(anonymous_4)","decl":{"start":{"line":5,"column":9},"end":{"line":5,"column":10}},"loc":{"start":{"line":5,"column":25},"end":{"line":6,"column":162}},"line":5}},"branchMap":{"0":{"loc":{"start":{"line":1,"column":165},"end":{"line":1,"column":396}},"type":"binary-expr","locations":[{"start":{"line":1,"column":165},"end":{"line":1,"column":178}},{"start":{"line":1,"column":182},"end":{"line":1,"column":396}}],"line":1},"1":{"loc":{"start":{"line":1,"column":296},"end":{"line":1,"column":379}},"type":"if","locations":[{"start":{"line":1,"column":296},"end":{"line":1,"column":379}},{"start":{"line":1,"column":296},"end":{"line":1,"column":379}}],"line":1},"2":{"loc":{"start":{"line":2,"column":130},"end":{"line":2,"column":176}},"type":"cond-expr","locations":[{"start":{"line":2,"column":154},"end":{"line":2,"column":157}},{"start":{"line":2,"column":160},"end":{"line":2,"column":176}}],"line":2},"3":{"loc":{"start":{"line":2,"column":130},"end":{"line":2,"column":151}},"type":"binary-expr","locations":[{"start":{"line":2,"column":130},"end":{"line":2,"column":133}},{"start":{"line":2,"column":137},"end":{"line":2,"column":151}}],"line":2},"4":{"loc":{"start":{"line":2,"column":260},"end":{"line":2,"column":295}},"type":"if","locations":[{"start":{"line":2,"column":260},"end":{"line":2,"column":295}},{"start":{"line":2,"column":260},"end":{"line":2,"column":295}}],"line":2},"5":{"loc":{"start":{"line":2,"column":295},"end":{"line":2,"column":355}},"type":"if","locations":[{"start":{"line":2,"column":295},"end":{"line":2,"column":355}},{"start":{"line":2,"column":295},"end":{"line":2,"column":355}}],"line":2}},"s":{"0":0,"1":0,"2":0,"3":0,"4":0,"5":0,"6":0,"7":0,"8":0,"9":0,"10":0,"11":0,"12":0,"13":0,"14":0,"15":0,"16":0,"17":0,"18":0,"19":0,"20":0,"21":0,"22":0,"23":0,"24":0,"25":0,"26":0,"27":0,"28":0,"29":0,"30":0},"f":{"0":0,"1":0,"2":0,"3":0,"4":0},"b":{"0":[0,0],"1":[0,0],"2":[0,0],"3":[0,0],"4":[0,0],"5":[0,0]}}
,"/Users/tagawahirotaka/Desktop/ui-components/src/components/atoms/Heading/index.js": {"path":"/Users/tagawahirotaka/Desktop/ui-components/src/components/atoms/Heading/index.js","statementMap":{"0":{"start":{"line":1,"column":13},"end":{"line":1,"column":75}},"1":{"start":{"line":1,"column":75},"end":{"line":1,"column":204}},"2":{"start":{"line":1,"column":219},"end":{"line":1,"column":450}},"3":{"start":{"line":1,"column":255},"end":{"line":1,"column":435}},"4":{"start":{"line":1,"column":312},"end":{"line":1,"column":324}},"5":{"start":{"line":1,"column":325},"end":{"line":1,"column":434}},"6":{"start":{"line":1,"column":350},"end":{"line":1,"column":433}},"7":{"start":{"line":1,"column":406},"end":{"line":1,"column":432}},"8":{"start":{"line":1,"column":435},"end":{"line":1,"column":449}},"9":{"start":{"line":1,"column":464},"end":{"line":1,"column":480}},"10":{"start":{"line":1,"column":495},"end":{"line":1,"column":525}},"11":{"start":{"line":2,"column":14},"end":{"line":2,"column":37}},"12":{"start":{"line":2,"column":53},"end":{"line":2,"column":84}},"13":{"start":{"line":3,"column":11},"end":{"line":3,"column":40}},"14":{"start":{"line":3,"column":79},"end":{"line":3,"column":133}},"15":{"start":{"line":3,"column":193},"end":{"line":3,"column":195}},"16":{"start":{"line":3,"column":196},"end":{"line":3,"column":331}},"17":{"start":{"line":3,"column":216},"end":{"line":3,"column":251}},"18":{"start":{"line":3,"column":242},"end":{"line":3,"column":251}},"19":{"start":{"line":3,"column":251},"end":{"line":3,"column":311}},"20":{"start":{"line":3,"column":302},"end":{"line":3,"column":311}},"21":{"start":{"line":3,"column":311},"end":{"line":3,"column":330}},"22":{"start":{"line":3,"column":331},"end":{"line":3,"column":345}},"23":{"start":{"line":5,"column":23},"end":{"line":11,"column":153}},"24":{"start":{"line":6,"column":8},"end":{"line":6,"column":16}},"25":{"start":{"line":7,"column":16},"end":{"line":7,"column":32}},"26":{"start":{"line":8,"column":14},"end":{"line":8,"column":28}},"27":{"start":{"line":9,"column":10},"end":{"line":9,"column":77}},"28":{"start":{"line":9,"column":78},"end":{"line":11,"column":152}},"29":{"start":{"line":11,"column":154},"end":{"line":11,"column":204}},"30":{"start":{"line":11,"column":204},"end":{"line":11,"column":248}},"31":{"start":{"line":14,"column":33},"end":{"line":20,"column":182}},"32":{"start":{"line":15,"column":8},"end":{"line":15,"column":17}},"33":{"start":{"line":16,"column":16},"end":{"line":16,"column":33}},"34":{"start":{"line":17,"column":14},"end":{"line":17,"column":29}},"35":{"start":{"line":18,"column":10},"end":{"line":18,"column":78}},"36":{"start":{"line":18,"column":79},"end":{"line":20,"column":181}},"37":{"start":{"line":20,"column":183},"end":{"line":20,"column":253}},"38":{"start":{"line":20,"column":253},"end":{"line":20,"column":317}},"39":{"start":{"line":23,"column":23},"end":{"line":34,"column":1}},"40":{"start":{"line":28,"column":17},"end":{"line":28,"column":32}},"41":{"start":{"line":28,"column":47},"end":{"line":28,"column":58}},"42":{"start":{"line":28,"column":67},"end":{"line":28,"column":110}},"43":{"start":{"line":28,"column":125},"end":{"line":28,"column":142}},"44":{"start":{"line":28,"column":151},"end":{"line":28,"column":221}},"45":{"start":{"line":29,"column":2},"end":{"line":29,"column":42}},"46":{"start":{"line":30,"column":2},"end":{"line":30,"column":73}},"47":{"start":{"line":31,"column":12},"end":{"line":31,"column":23}},"48":{"start":{"line":33,"column":2},"end":{"line":33,"column":76}},"49":{"start":{"line":34,"column":2},"end":{"line":34,"column":46}},"50":{"start":{"line":36,"column":14},"end":{"line":36,"column":76}},"51":{"start":{"line":36,"column":77},"end":{"line":37,"column":8}},"52":{"start":{"line":39,"column":24},"end":{"line":39,"column":124}}},"fnMap":{"0":{"name":"(anonymous_0)","decl":{"start":{"line":1,"column":236},"end":{"line":1,"column":237}},"loc":{"start":{"line":1,"column":254},"end":{"line":1,"column":450}},"line":1},"1":{"name":"_interopRequireDefault","decl":{"start":{"line":3,"column":50},"end":{"line":3,"column":72}},"loc":{"start":{"line":3,"column":78},"end":{"line":3,"column":134}},"line":3},"2":{"name":"_objectWithoutProperties","decl":{"start":{"line":3,"column":143},"end":{"line":3,"column":167}},"loc":{"start":{"line":3,"column":179},"end":{"line":3,"column":346}},"line":3},"3":{"name":"HeadingPresenter","decl":{"start":{"line":5,"column":32},"end":{"line":5,"column":48}},"loc":{"start":{"line":5,"column":55},"end":{"line":11,"column":153}},"line":5},"4":{"name":"HeadingUnderlinedPresenter","decl":{"start":{"line":14,"column":42},"end":{"line":14,"column":68}},"loc":{"start":{"line":14,"column":76},"end":{"line":20,"column":182}},"line":14},"5":{"name":"HeadingContainer","decl":{"start":{"line":23,"column":32},"end":{"line":23,"column":48}},"loc":{"start":{"line":28,"column":0},"end":{"line":34,"column":1}},"line":28}},"branchMap":{"0":{"loc":{"start":{"line":1,"column":219},"end":{"line":1,"column":450}},"type":"binary-expr","locations":[{"start":{"line":1,"column":219},"end":{"line":1,"column":232}},{"start":{"line":1,"column":236},"end":{"line":1,"column":450}}],"line":1},"1":{"loc":{"start":{"line":1,"column":350},"end":{"line":1,"column":433}},"type":"if","locations":[{"start":{"line":1,"column":350},"end":{"line":1,"column":433}},{"start":{"line":1,"column":350},"end":{"line":1,"column":433}}],"line":1},"2":{"loc":{"start":{"line":3,"column":86},"end":{"line":3,"column":132}},"type":"cond-expr","locations":[{"start":{"line":3,"column":110},"end":{"line":3,"column":113}},{"start":{"line":3,"column":116},"end":{"line":3,"column":132}}],"line":3},"3":{"loc":{"start":{"line":3,"column":86},"end":{"line":3,"column":107}},"type":"binary-expr","locations":[{"start":{"line":3,"column":86},"end":{"line":3,"column":89}},{"start":{"line":3,"column":93},"end":{"line":3,"column":107}}],"line":3},"4":{"loc":{"start":{"line":3,"column":216},"end":{"line":3,"column":251}},"type":"if","locations":[{"start":{"line":3,"column":216},"end":{"line":3,"column":251}},{"start":{"line":3,"column":216},"end":{"line":3,"column":251}}],"line":3},"5":{"loc":{"start":{"line":3,"column":251},"end":{"line":3,"column":311}},"type":"if","locations":[{"start":{"line":3,"column":251},"end":{"line":3,"column":311}},{"start":{"line":3,"column":251},"end":{"line":3,"column":311}}],"line":3},"6":{"loc":{"start":{"line":28,"column":67},"end":{"line":28,"column":110}},"type":"cond-expr","locations":[{"start":{"line":28,"column":95},"end":{"line":28,"column":96}},{"start":{"line":28,"column":99},"end":{"line":28,"column":110}}],"line":28},"7":{"loc":{"start":{"line":30,"column":16},"end":{"line":30,"column":72}},"type":"cond-expr","locations":[{"start":{"line":30,"column":53},"end":{"line":30,"column":64}},{"start":{"line":30,"column":67},"end":{"line":30,"column":72}}],"line":30}},"s":{"0":0,"1":0,"2":0,"3":0,"4":0,"5":0,"6":0,"7":0,"8":0,"9":0,"10":0,"11":0,"12":0,"13":0,"14":0,"15":0,"16":0,"17":0,"18":0,"19":0,"20":0,"21":0,"22":0,"23":0,"24":0,"25":0,"26":0,"27":0,"28":0,"29":0,"30":0,"31":0,"32":0,"33":0,"34":0,"35":0,"36":0,"37":0,"38":0,"39":0,"40":0,"41":0,"42":0,"43":0,"44":0,"45":0,"46":0,"47":0,"48":0,"49":0,"50":0,"51":0,"52":0},"f":{"0":0,"1":0,"2":0,"3":0,"4":0,"5":0},"b":{"0":[0,0],"1":[0,0],"2":[0,0],"3":[0,0],"4":[0,0],"5":[0,0],"6":[0,0],"7":[0,0]}}
,"/Users/tagawahirotaka/Desktop/ui-components/src/components/atoms/HolyGrailLayout/index.js": {"path":"/Users/tagawahirotaka/Desktop/ui-components/src/components/atoms/HolyGrailLayout/index.js","statementMap":{"0":{"start":{"line":1,"column":13},"end":{"line":1,"column":75}},"1":{"start":{"line":1,"column":75},"end":{"line":1,"column":207}},"2":{"start":{"line":1,"column":222},"end":{"line":1,"column":453}},"3":{"start":{"line":1,"column":258},"end":{"line":1,"column":438}},"4":{"start":{"line":1,"column":315},"end":{"line":1,"column":327}},"5":{"start":{"line":1,"column":328},"end":{"line":1,"column":437}},"6":{"start":{"line":1,"column":353},"end":{"line":1,"column":436}},"7":{"start":{"line":1,"column":409},"end":{"line":1,"column":435}},"8":{"start":{"line":1,"column":438},"end":{"line":1,"column":452}},"9":{"start":{"line":1,"column":467},"end":{"line":1,"column":483}},"10":{"start":{"line":1,"column":498},"end":{"line":1,"column":528}},"11":{"start":{"line":2,"column":14},"end":{"line":2,"column":37}},"12":{"start":{"line":2,"column":53},"end":{"line":2,"column":84}},"13":{"start":{"line":3,"column":11},"end":{"line":3,"column":40}},"14":{"start":{"line":3,"column":79},"end":{"line":3,"column":133}},"15":{"start":{"line":3,"column":193},"end":{"line":3,"column":195}},"16":{"start":{"line":3,"column":196},"end":{"line":3,"column":331}},"17":{"start":{"line":3,"column":216},"end":{"line":3,"column":251}},"18":{"start":{"line":3,"column":242},"end":{"line":3,"column":251}},"19":{"start":{"line":3,"column":251},"end":{"line":3,"column":311}},"20":{"start":{"line":3,"column":302},"end":{"line":3,"column":311}},"21":{"start":{"line":3,"column":311},"end":{"line":3,"column":330}},"22":{"start":{"line":3,"column":331},"end":{"line":3,"column":345}},"23":{"start":{"line":5,"column":31},"end":{"line":18,"column":1}},"24":{"start":{"line":5,"column":87},"end":{"line":5,"column":95}},"25":{"start":{"line":5,"column":102},"end":{"line":5,"column":143}},"26":{"start":{"line":5,"column":152},"end":{"line":5,"column":162}},"27":{"start":{"line":5,"column":175},"end":{"line":5,"column":189}},"28":{"start":{"line":5,"column":198},"end":{"line":5,"column":259}},"29":{"start":{"line":6,"column":8},"end":{"line":6,"column":17}},"30":{"start":{"line":6,"column":27},"end":{"line":6,"column":39}},"31":{"start":{"line":6,"column":47},"end":{"line":6,"column":57}},"32":{"start":{"line":6,"column":65},"end":{"line":6,"column":75}},"33":{"start":{"line":6,"column":84},"end":{"line":6,"column":95}},"34":{"start":{"line":7,"column":2},"end":{"line":15,"column":15}},"35":{"start":{"line":18,"column":2},"end":{"line":18,"column":68}},"36":{"start":{"line":20,"column":31},"end":{"line":23,"column":1}},"37":{"start":{"line":20,"column":89},"end":{"line":20,"column":104}},"38":{"start":{"line":20,"column":116},"end":{"line":20,"column":130}},"39":{"start":{"line":20,"column":139},"end":{"line":20,"column":197}},"40":{"start":{"line":21,"column":14},"end":{"line":21,"column":32}},"41":{"start":{"line":22,"column":2},"end":{"line":22,"column":54}},"42":{"start":{"line":25,"column":16},"end":{"line":30,"column":17}},"43":{"start":{"line":34,"column":14},"end":{"line":34,"column":16}},"44":{"start":{"line":35,"column":2},"end":{"line":39,"column":5}},"45":{"start":{"line":36,"column":14},"end":{"line":36,"column":54}},"46":{"start":{"line":37,"column":4},"end":{"line":37,"column":22}},"47":{"start":{"line":37,"column":15},"end":{"line":37,"column":22}},"48":{"start":{"line":38,"column":4},"end":{"line":38,"column":37}},"49":{"start":{"line":40,"column":8},"end":{"line":40,"column":16}},"50":{"start":{"line":40,"column":26},"end":{"line":40,"column":34}},"51":{"start":{"line":40,"column":42},"end":{"line":40,"column":50}},"52":{"start":{"line":40,"column":58},"end":{"line":40,"column":66}},"53":{"start":{"line":40,"column":75},"end":{"line":40,"column":83}},"54":{"start":{"line":41,"column":2},"end":{"line":41,"column":76}},"55":{"start":{"line":44,"column":22},"end":{"line":44,"column":100}},"56":{"start":{"line":44,"column":101},"end":{"line":45,"column":16}},"57":{"start":{"line":47,"column":19},"end":{"line":47,"column":212}},"58":{"start":{"line":47,"column":67},"end":{"line":47,"column":211}},"59":{"start":{"line":47,"column":213},"end":{"line":47,"column":255}},"60":{"start":{"line":48,"column":22},"end":{"line":48,"column":221}},"61":{"start":{"line":48,"column":76},"end":{"line":48,"column":220}},"62":{"start":{"line":48,"column":222},"end":{"line":48,"column":270}},"63":{"start":{"line":49,"column":20},"end":{"line":49,"column":215}},"64":{"start":{"line":49,"column":70},"end":{"line":49,"column":214}},"65":{"start":{"line":49,"column":216},"end":{"line":49,"column":260}},"66":{"start":{"line":50,"column":20},"end":{"line":50,"column":215}},"67":{"start":{"line":50,"column":70},"end":{"line":50,"column":214}},"68":{"start":{"line":50,"column":216},"end":{"line":50,"column":260}},"69":{"start":{"line":51,"column":21},"end":{"line":51,"column":218}},"70":{"start":{"line":51,"column":73},"end":{"line":51,"column":217}},"71":{"start":{"line":51,"column":219},"end":{"line":51,"column":265}}},"fnMap":{"0":{"name":"(anonymous_0)","decl":{"start":{"line":1,"column":239},"end":{"line":1,"column":240}},"loc":{"start":{"line":1,"column":257},"end":{"line":1,"column":453}},"line":1},"1":{"name":"_interopRequireDefault","decl":{"start":{"line":3,"column":50},"end":{"line":3,"column":72}},"loc":{"start":{"line":3,"column":78},"end":{"line":3,"column":134}},"line":3},"2":{"name":"_objectWithoutProperties","decl":{"start":{"line":3,"column":143},"end":{"line":3,"column":167}},"loc":{"start":{"line":3,"column":179},"end":{"line":3,"column":346}},"line":3},"3":{"name":"HolyGrailLayoutPresenter","decl":{"start":{"line":5,"column":40},"end":{"line":5,"column":64}},"loc":{"start":{"line":5,"column":71},"end":{"line":18,"column":1}},"line":5},"4":{"name":"HolyGrailLayoutContainer","decl":{"start":{"line":20,"column":40},"end":{"line":20,"column":64}},"loc":{"start":{"line":20,"column":72},"end":{"line":23,"column":1}},"line":20},"5":{"name":"mapParts","decl":{"start":{"line":33,"column":9},"end":{"line":33,"column":17}},"loc":{"start":{"line":33,"column":25},"end":{"line":42,"column":1}},"line":33},"6":{"name":"(anonymous_6)","decl":{"start":{"line":35,"column":12},"end":{"line":35,"column":13}},"loc":{"start":{"line":35,"column":28},"end":{"line":39,"column":3}},"line":35},"7":{"name":"HolyGrailTop","decl":{"start":{"line":47,"column":51},"end":{"line":47,"column":63}},"loc":{"start":{"line":47,"column":66},"end":{"line":47,"column":212}},"line":47},"8":{"name":"HolyGrailBottom","decl":{"start":{"line":48,"column":57},"end":{"line":48,"column":72}},"loc":{"start":{"line":48,"column":75},"end":{"line":48,"column":221}},"line":48},"9":{"name":"HolyGrailMain","decl":{"start":{"line":49,"column":53},"end":{"line":49,"column":66}},"loc":{"start":{"line":49,"column":69},"end":{"line":49,"column":215}},"line":49},"10":{"name":"HolyGrailLeft","decl":{"start":{"line":50,"column":53},"end":{"line":50,"column":66}},"loc":{"start":{"line":50,"column":69},"end":{"line":50,"column":215}},"line":50},"11":{"name":"HolyGrailRight","decl":{"start":{"line":51,"column":55},"end":{"line":51,"column":69}},"loc":{"start":{"line":51,"column":72},"end":{"line":51,"column":218}},"line":51}},"branchMap":{"0":{"loc":{"start":{"line":1,"column":222},"end":{"line":1,"column":453}},"type":"binary-expr","locations":[{"start":{"line":1,"column":222},"end":{"line":1,"column":235}},{"start":{"line":1,"column":239},"end":{"line":1,"column":453}}],"line":1},"1":{"loc":{"start":{"line":1,"column":353},"end":{"line":1,"column":436}},"type":"if","locations":[{"start":{"line":1,"column":353},"end":{"line":1,"column":436}},{"start":{"line":1,"column":353},"end":{"line":1,"column":436}}],"line":1},"2":{"loc":{"start":{"line":3,"column":86},"end":{"line":3,"column":132}},"type":"cond-expr","locations":[{"start":{"line":3,"column":110},"end":{"line":3,"column":113}},{"start":{"line":3,"column":116},"end":{"line":3,"column":132}}],"line":3},"3":{"loc":{"start":{"line":3,"column":86},"end":{"line":3,"column":107}},"type":"binary-expr","locations":[{"start":{"line":3,"column":86},"end":{"line":3,"column":89}},{"start":{"line":3,"column":93},"end":{"line":3,"column":107}}],"line":3},"4":{"loc":{"start":{"line":3,"column":216},"end":{"line":3,"column":251}},"type":"if","locations":[{"start":{"line":3,"column":216},"end":{"line":3,"column":251}},{"start":{"line":3,"column":216},"end":{"line":3,"column":251}}],"line":3},"5":{"loc":{"start":{"line":3,"column":251},"end":{"line":3,"column":311}},"type":"if","locations":[{"start":{"line":3,"column":251},"end":{"line":3,"column":311}},{"start":{"line":3,"column":251},"end":{"line":3,"column":311}}],"line":3},"6":{"loc":{"start":{"line":5,"column":102},"end":{"line":5,"column":143}},"type":"cond-expr","locations":[{"start":{"line":5,"column":127},"end":{"line":5,"column":132}},{"start":{"line":5,"column":135},"end":{"line":5,"column":143}}],"line":5},"7":{"loc":{"start":{"line":37,"column":4},"end":{"line":37,"column":22}},"type":"if","locations":[{"start":{"line":37,"column":4},"end":{"line":37,"column":22}},{"start":{"line":37,"column":4},"end":{"line":37,"column":22}}],"line":37}},"s":{"0":0,"1":0,"2":0,"3":0,"4":0,"5":0,"6":0,"7":0,"8":0,"9":0,"10":0,"11":0,"12":0,"13":0,"14":0,"15":0,"16":0,"17":0,"18":0,"19":0,"20":0,"21":0,"22":0,"23":0,"24":0,"25":0,"26":0,"27":0,"28":0,"29":0,"30":0,"31":0,"32":0,"33":0,"34":0,"35":0,"36":0,"37":0,"38":0,"39":0,"40":0,"41":0,"42":0,"43":0,"44":0,"45":0,"46":0,"47":0,"48":0,"49":0,"50":0,"51":0,"52":0,"53":0,"54":0,"55":0,"56":0,"57":0,"58":0,"59":0,"60":0,"61":0,"62":0,"63":0,"64":0,"65":0,"66":0,"67":0,"68":0,"69":0,"70":0,"71":0},"f":{"0":0,"1":0,"2":0,"3":0,"4":0,"5":0,"6":0,"7":0,"8":0,"9":0,"10":0,"11":0},"b":{"0":[0,0],"1":[0,0],"2":[0,0],"3":[0,0],"4":[0,0],"5":[0,0],"6":[0,0],"7":[0,0]}}
,"/Users/tagawahirotaka/Desktop/ui-components/src/components/atoms/HoverTipInteraction/index.js": {"path":"/Users/tagawahirotaka/Desktop/ui-components/src/components/atoms/HoverTipInteraction/index.js","statementMap":{"0":{"start":{"line":1,"column":13},"end":{"line":1,"column":75}},"1":{"start":{"line":1,"column":75},"end":{"line":1,"column":116}},"2":{"start":{"line":1,"column":131},"end":{"line":1,"column":362}},"3":{"start":{"line":1,"column":167},"end":{"line":1,"column":347}},"4":{"start":{"line":1,"column":224},"end":{"line":1,"column":236}},"5":{"start":{"line":1,"column":237},"end":{"line":1,"column":346}},"6":{"start":{"line":1,"column":262},"end":{"line":1,"column":345}},"7":{"start":{"line":1,"column":318},"end":{"line":1,"column":344}},"8":{"start":{"line":1,"column":347},"end":{"line":1,"column":361}},"9":{"start":{"line":1,"column":376},"end":{"line":1,"column":392}},"10":{"start":{"line":1,"column":407},"end":{"line":1,"column":437}},"11":{"start":{"line":2,"column":14},"end":{"line":2,"column":37}},"12":{"start":{"line":2,"column":53},"end":{"line":2,"column":84}},"13":{"start":{"line":3,"column":11},"end":{"line":3,"column":40}},"14":{"start":{"line":3,"column":79},"end":{"line":3,"column":133}},"15":{"start":{"line":3,"column":193},"end":{"line":3,"column":195}},"16":{"start":{"line":3,"column":196},"end":{"line":3,"column":331}},"17":{"start":{"line":3,"column":216},"end":{"line":3,"column":251}},"18":{"start":{"line":3,"column":242},"end":{"line":3,"column":251}},"19":{"start":{"line":3,"column":251},"end":{"line":3,"column":311}},"20":{"start":{"line":3,"column":302},"end":{"line":3,"column":311}},"21":{"start":{"line":3,"column":311},"end":{"line":3,"column":330}},"22":{"start":{"line":3,"column":331},"end":{"line":3,"column":345}},"23":{"start":{"line":5,"column":35},"end":{"line":7,"column":18}},"24":{"start":{"line":5,"column":95},"end":{"line":5,"column":108}},"25":{"start":{"line":5,"column":121},"end":{"line":5,"column":135}},"26":{"start":{"line":5,"column":144},"end":{"line":5,"column":201}},"27":{"start":{"line":5,"column":202},"end":{"line":7,"column":17}},"28":{"start":{"line":7,"column":19},"end":{"line":7,"column":93}},"29":{"start":{"line":11,"column":35},"end":{"line":27,"column":1}},"30":{"start":{"line":11,"column":97},"end":{"line":11,"column":112}},"31":{"start":{"line":11,"column":124},"end":{"line":11,"column":138}},"32":{"start":{"line":11,"column":147},"end":{"line":11,"column":205}},"33":{"start":{"line":12,"column":2},"end":{"line":25,"column":5}},"34":{"start":{"line":13,"column":4},"end":{"line":23,"column":5}},"35":{"start":{"line":14,"column":23},"end":{"line":14,"column":74}},"36":{"start":{"line":15,"column":6},"end":{"line":16,"column":83}},"37":{"start":{"line":18,"column":11},"end":{"line":23,"column":5}},"38":{"start":{"line":19,"column":24},"end":{"line":19,"column":44}},"39":{"start":{"line":20,"column":6},"end":{"line":21,"column":87}},"40":{"start":{"line":24,"column":4},"end":{"line":24,"column":17}},"41":{"start":{"line":26,"column":2},"end":{"line":26,"column":60}},"42":{"start":{"line":29,"column":26},"end":{"line":29,"column":112}},"43":{"start":{"line":29,"column":113},"end":{"line":31,"column":20}},"44":{"start":{"line":33,"column":10},"end":{"line":33,"column":186}},"45":{"start":{"line":33,"column":40},"end":{"line":33,"column":185}},"46":{"start":{"line":33,"column":187},"end":{"line":33,"column":211}},"47":{"start":{"line":34,"column":13},"end":{"line":34,"column":195}},"48":{"start":{"line":34,"column":49},"end":{"line":34,"column":194}},"49":{"start":{"line":34,"column":196},"end":{"line":34,"column":226}}},"fnMap":{"0":{"name":"(anonymous_0)","decl":{"start":{"line":1,"column":148},"end":{"line":1,"column":149}},"loc":{"start":{"line":1,"column":166},"end":{"line":1,"column":362}},"line":1},"1":{"name":"_interopRequireDefault","decl":{"start":{"line":3,"column":50},"end":{"line":3,"column":72}},"loc":{"start":{"line":3,"column":78},"end":{"line":3,"column":134}},"line":3},"2":{"name":"_objectWithoutProperties","decl":{"start":{"line":3,"column":143},"end":{"line":3,"column":167}},"loc":{"start":{"line":3,"column":179},"end":{"line":3,"column":346}},"line":3},"3":{"name":"HoverTipInteractionPresenter","decl":{"start":{"line":5,"column":44},"end":{"line":5,"column":72}},"loc":{"start":{"line":5,"column":79},"end":{"line":7,"column":18}},"line":5},"4":{"name":"HoverTipInteractionContainer","decl":{"start":{"line":11,"column":44},"end":{"line":11,"column":72}},"loc":{"start":{"line":11,"column":80},"end":{"line":27,"column":1}},"line":11},"5":{"name":"(anonymous_5)","decl":{"start":{"line":12,"column":52},"end":{"line":12,"column":53}},"loc":{"start":{"line":12,"column":69},"end":{"line":25,"column":3}},"line":12},"6":{"name":"Tip","decl":{"start":{"line":33,"column":33},"end":{"line":33,"column":36}},"loc":{"start":{"line":33,"column":39},"end":{"line":33,"column":186}},"line":33},"7":{"name":"Marker","decl":{"start":{"line":34,"column":39},"end":{"line":34,"column":45}},"loc":{"start":{"line":34,"column":48},"end":{"line":34,"column":195}},"line":34}},"branchMap":{"0":{"loc":{"start":{"line":1,"column":131},"end":{"line":1,"column":362}},"type":"binary-expr","locations":[{"start":{"line":1,"column":131},"end":{"line":1,"column":144}},{"start":{"line":1,"column":148},"end":{"line":1,"column":362}}],"line":1},"1":{"loc":{"start":{"line":1,"column":262},"end":{"line":1,"column":345}},"type":"if","locations":[{"start":{"line":1,"column":262},"end":{"line":1,"column":345}},{"start":{"line":1,"column":262},"end":{"line":1,"column":345}}],"line":1},"2":{"loc":{"start":{"line":3,"column":86},"end":{"line":3,"column":132}},"type":"cond-expr","locations":[{"start":{"line":3,"column":110},"end":{"line":3,"column":113}},{"start":{"line":3,"column":116},"end":{"line":3,"column":132}}],"line":3},"3":{"loc":{"start":{"line":3,"column":86},"end":{"line":3,"column":107}},"type":"binary-expr","locations":[{"start":{"line":3,"column":86},"end":{"line":3,"column":89}},{"start":{"line":3,"column":93},"end":{"line":3,"column":107}}],"line":3},"4":{"loc":{"start":{"line":3,"column":216},"end":{"line":3,"column":251}},"type":"if","locations":[{"start":{"line":3,"column":216},"end":{"line":3,"column":251}},{"start":{"line":3,"column":216},"end":{"line":3,"column":251}}],"line":3},"5":{"loc":{"start":{"line":3,"column":251},"end":{"line":3,"column":311}},"type":"if","locations":[{"start":{"line":3,"column":251},"end":{"line":3,"column":311}},{"start":{"line":3,"column":251},"end":{"line":3,"column":311}}],"line":3},"6":{"loc":{"start":{"line":13,"column":4},"end":{"line":23,"column":5}},"type":"if","locations":[{"start":{"line":13,"column":4},"end":{"line":23,"column":5}},{"start":{"line":13,"column":4},"end":{"line":23,"column":5}}],"line":13},"7":{"loc":{"start":{"line":18,"column":11},"end":{"line":23,"column":5}},"type":"if","locations":[{"start":{"line":18,"column":11},"end":{"line":23,"column":5}},{"start":{"line":18,"column":11},"end":{"line":23,"column":5}}],"line":18}},"s":{"0":0,"1":0,"2":0,"3":0,"4":0,"5":0,"6":0,"7":0,"8":0,"9":0,"10":0,"11":0,"12":0,"13":0,"14":0,"15":0,"16":0,"17":0,"18":0,"19":0,"20":0,"21":0,"22":0,"23":0,"24":0,"25":0,"26":0,"27":0,"28":0,"29":0,"30":0,"31":0,"32":0,"33":0,"34":0,"35":0,"36":0,"37":0,"38":0,"39":0,"40":0,"41":0,"42":0,"43":0,"44":0,"45":0,"46":0,"47":0,"48":0,"49":0},"f":{"0":0,"1":0,"2":0,"3":0,"4":0,"5":0,"6":0,"7":0},"b":{"0":[0,0],"1":[0,0],"2":[0,0],"3":[0,0],"4":[0,0],"5":[0,0],"6":[0,0],"7":[0,0]}}
,"/Users/tagawahirotaka/Desktop/ui-components/src/components/atoms/Icon/index.js": {"path":"/Users/tagawahirotaka/Desktop/ui-components/src/components/atoms/Icon/index.js","statementMap":{"0":{"start":{"line":1,"column":13},"end":{"line":1,"column":75}},"1":{"start":{"line":1,"column":75},"end":{"line":1,"column":249}},"2":{"start":{"line":1,"column":264},"end":{"line":1,"column":495}},"3":{"start":{"line":1,"column":300},"end":{"line":1,"column":480}},"4":{"start":{"line":1,"column":357},"end":{"line":1,"column":369}},"5":{"start":{"line":1,"column":370},"end":{"line":1,"column":479}},"6":{"start":{"line":1,"column":395},"end":{"line":1,"column":478}},"7":{"start":{"line":1,"column":451},"end":{"line":1,"column":477}},"8":{"start":{"line":1,"column":480},"end":{"line":1,"column":494}},"9":{"start":{"line":1,"column":509},"end":{"line":1,"column":525}},"10":{"start":{"line":1,"column":540},"end":{"line":1,"column":570}},"11":{"start":{"line":2,"column":14},"end":{"line":2,"column":37}},"12":{"start":{"line":2,"column":53},"end":{"line":2,"column":84}},"13":{"start":{"line":2,"column":123},"end":{"line":2,"column":177}},"14":{"start":{"line":2,"column":237},"end":{"line":2,"column":239}},"15":{"start":{"line":2,"column":240},"end":{"line":2,"column":375}},"16":{"start":{"line":2,"column":260},"end":{"line":2,"column":295}},"17":{"start":{"line":2,"column":286},"end":{"line":2,"column":295}},"18":{"start":{"line":2,"column":295},"end":{"line":2,"column":355}},"19":{"start":{"line":2,"column":346},"end":{"line":2,"column":355}},"20":{"start":{"line":2,"column":355},"end":{"line":2,"column":374}},"21":{"start":{"line":2,"column":375},"end":{"line":2,"column":389}},"22":{"start":{"line":4,"column":20},"end":{"line":15,"column":14}},"23":{"start":{"line":5,"column":13},"end":{"line":5,"column":26}},"24":{"start":{"line":5,"column":41},"end":{"line":6,"column":8}},"25":{"start":{"line":6,"column":18},"end":{"line":6,"column":62}},"26":{"start":{"line":6,"column":76},"end":{"line":7,"column":7}},"27":{"start":{"line":7,"column":16},"end":{"line":7,"column":58}},"28":{"start":{"line":8,"column":10},"end":{"line":8,"column":73}},"29":{"start":{"line":8,"column":74},"end":{"line":15,"column":13}},"30":{"start":{"line":15,"column":15},"end":{"line":15,"column":59}},"31":{"start":{"line":15,"column":59},"end":{"line":15,"column":97}},"32":{"start":{"line":19,"column":20},"end":{"line":27,"column":1}},"33":{"start":{"line":24,"column":17},"end":{"line":24,"column":32}},"34":{"start":{"line":24,"column":43},"end":{"line":24,"column":56}},"35":{"start":{"line":24,"column":75},"end":{"line":24,"column":90}},"36":{"start":{"line":24,"column":103},"end":{"line":24,"column":155}},"37":{"start":{"line":24,"column":164},"end":{"line":24,"column":234}},"38":{"start":{"line":25,"column":2},"end":{"line":25,"column":61}},"39":{"start":{"line":25,"column":15},"end":{"line":25,"column":61}},"40":{"start":{"line":26,"column":2},"end":{"line":26,"column":80}},"41":{"start":{"line":27,"column":2},"end":{"line":27,"column":40}},"42":{"start":{"line":29,"column":18},"end":{"line":32,"column":43}},"43":{"start":{"line":29,"column":72},"end":{"line":32,"column":42}},"44":{"start":{"line":29,"column":97},"end":{"line":32,"column":40}},"45":{"start":{"line":31,"column":55},"end":{"line":31,"column":123}},"46":{"start":{"line":36,"column":19},"end":{"line":36,"column":66}},"47":{"start":{"line":37,"column":23},"end":{"line":37,"column":78}},"48":{"start":{"line":38,"column":17},"end":{"line":38,"column":59}},"49":{"start":{"line":39,"column":19},"end":{"line":39,"column":65}}},"fnMap":{"0":{"name":"(anonymous_0)","decl":{"start":{"line":1,"column":281},"end":{"line":1,"column":282}},"loc":{"start":{"line":1,"column":299},"end":{"line":1,"column":495}},"line":1},"1":{"name":"_interopRequireDefault","decl":{"start":{"line":2,"column":94},"end":{"line":2,"column":116}},"loc":{"start":{"line":2,"column":122},"end":{"line":2,"column":178}},"line":2},"2":{"name":"_objectWithoutProperties","decl":{"start":{"line":2,"column":187},"end":{"line":2,"column":211}},"loc":{"start":{"line":2,"column":223},"end":{"line":2,"column":390}},"line":2},"3":{"name":"IconPresenter","decl":{"start":{"line":4,"column":29},"end":{"line":4,"column":42}},"loc":{"start":{"line":4,"column":49},"end":{"line":15,"column":14}},"line":4},"4":{"name":"IconContainer","decl":{"start":{"line":19,"column":29},"end":{"line":19,"column":42}},"loc":{"start":{"line":24,"column":0},"end":{"line":27,"column":1}},"line":24},"5":{"name":"iconFactory","decl":{"start":{"line":29,"column":49},"end":{"line":29,"column":60}},"loc":{"start":{"line":29,"column":71},"end":{"line":32,"column":43}},"line":29},"6":{"name":"(anonymous_6)","decl":{"start":{"line":29,"column":79},"end":{"line":29,"column":80}},"loc":{"start":{"line":29,"column":96},"end":{"line":32,"column":41}},"line":29},"7":{"name":"presenter","decl":{"start":{"line":31,"column":28},"end":{"line":31,"column":37}},"loc":{"start":{"line":31,"column":54},"end":{"line":31,"column":124}},"line":31}},"branchMap":{"0":{"loc":{"start":{"line":1,"column":264},"end":{"line":1,"column":495}},"type":"binary-expr","locations":[{"start":{"line":1,"column":264},"end":{"line":1,"column":277}},{"start":{"line":1,"column":281},"end":{"line":1,"column":495}}],"line":1},"1":{"loc":{"start":{"line":1,"column":395},"end":{"line":1,"column":478}},"type":"if","locations":[{"start":{"line":1,"column":395},"end":{"line":1,"column":478}},{"start":{"line":1,"column":395},"end":{"line":1,"column":478}}],"line":1},"2":{"loc":{"start":{"line":2,"column":130},"end":{"line":2,"column":176}},"type":"cond-expr","locations":[{"start":{"line":2,"column":154},"end":{"line":2,"column":157}},{"start":{"line":2,"column":160},"end":{"line":2,"column":176}}],"line":2},"3":{"loc":{"start":{"line":2,"column":130},"end":{"line":2,"column":151}},"type":"binary-expr","locations":[{"start":{"line":2,"column":130},"end":{"line":2,"column":133}},{"start":{"line":2,"column":137},"end":{"line":2,"column":151}}],"line":2},"4":{"loc":{"start":{"line":2,"column":260},"end":{"line":2,"column":295}},"type":"if","locations":[{"start":{"line":2,"column":260},"end":{"line":2,"column":295}},{"start":{"line":2,"column":260},"end":{"line":2,"column":295}}],"line":2},"5":{"loc":{"start":{"line":2,"column":295},"end":{"line":2,"column":355}},"type":"if","locations":[{"start":{"line":2,"column":295},"end":{"line":2,"column":355}},{"start":{"line":2,"column":295},"end":{"line":2,"column":355}}],"line":2},"6":{"loc":{"start":{"line":6,"column":18},"end":{"line":6,"column":62}},"type":"cond-expr","locations":[{"start":{"line":6,"column":46},"end":{"line":6,"column":48}},{"start":{"line":6,"column":51},"end":{"line":6,"column":62}}],"line":6},"7":{"loc":{"start":{"line":7,"column":16},"end":{"line":7,"column":58}},"type":"cond-expr","locations":[{"start":{"line":7,"column":43},"end":{"line":7,"column":45}},{"start":{"line":7,"column":48},"end":{"line":7,"column":58}}],"line":7},"8":{"loc":{"start":{"line":24,"column":103},"end":{"line":24,"column":155}},"type":"cond-expr","locations":[{"start":{"line":24,"column":135},"end":{"line":24,"column":137}},{"start":{"line":24,"column":140},"end":{"line":24,"column":155}}],"line":24},"9":{"loc":{"start":{"line":25,"column":2},"end":{"line":25,"column":61}},"type":"if","locations":[{"start":{"line":25,"column":2},"end":{"line":25,"column":61}},{"start":{"line":25,"column":2},"end":{"line":25,"column":61}}],"line":25}},"s":{"0":0,"1":0,"2":0,"3":0,"4":0,"5":0,"6":0,"7":0,"8":0,"9":0,"10":0,"11":0,"12":0,"13":0,"14":0,"15":0,"16":0,"17":0,"18":0,"19":0,"20":0,"21":0,"22":0,"23":0,"24":0,"25":0,"26":0,"27":0,"28":0,"29":0,"30":0,"31":0,"32":0,"33":0,"34":0,"35":0,"36":0,"37":0,"38":0,"39":0,"40":0,"41":0,"42":0,"43":0,"44":0,"45":0,"46":0,"47":0,"48":0,"49":0},"f":{"0":0,"1":0,"2":0,"3":0,"4":0,"5":0,"6":0,"7":0},"b":{"0":[0,0],"1":[0,0],"2":[0,0],"3":[0,0],"4":[0,0],"5":[0,0],"6":[0,0],"7":[0,0],"8":[0,0],"9":[0,0]}}
,"/Users/tagawahirotaka/Desktop/ui-components/src/components/atoms/Img/index.js": {"path":"/Users/tagawahirotaka/Desktop/ui-components/src/components/atoms/Img/index.js","statementMap":{"0":{"start":{"line":1,"column":13},"end":{"line":1,"column":75}},"1":{"start":{"line":1,"column":88},"end":{"line":1,"column":104}},"2":{"start":{"line":1,"column":119},"end":{"line":1,"column":149}},"3":{"start":{"line":1,"column":188},"end":{"line":1,"column":242}},"4":{"start":{"line":3,"column":10},"end":{"line":3,"column":83}},"5":{"start":{"line":3,"column":31},"end":{"line":3,"column":82}},"6":{"start":{"line":3,"column":84},"end":{"line":3,"column":108}},"7":{"start":{"line":3,"column":108},"end":{"line":5,"column":4}},"8":{"start":{"line":5,"column":4},"end":{"line":5,"column":40}}},"fnMap":{"0":{"name":"_interopRequireDefault","decl":{"start":{"line":1,"column":159},"end":{"line":1,"column":181}},"loc":{"start":{"line":1,"column":187},"end":{"line":1,"column":243}},"line":1},"1":{"name":"Img","decl":{"start":{"line":3,"column":19},"end":{"line":3,"column":22}},"loc":{"start":{"line":3,"column":30},"end":{"line":3,"column":83}},"line":3}},"branchMap":{"0":{"loc":{"start":{"line":1,"column":195},"end":{"line":1,"column":241}},"type":"cond-expr","locations":[{"start":{"line":1,"column":219},"end":{"line":1,"column":222}},{"start":{"line":1,"column":225},"end":{"line":1,"column":241}}],"line":1},"1":{"loc":{"start":{"line":1,"column":195},"end":{"line":1,"column":216}},"type":"binary-expr","locations":[{"start":{"line":1,"column":195},"end":{"line":1,"column":198}},{"start":{"line":1,"column":202},"end":{"line":1,"column":216}}],"line":1}},"s":{"0":0,"1":0,"2":0,"3":0,"4":0,"5":0,"6":0,"7":0,"8":0},"f":{"0":0,"1":0},"b":{"0":[0,0],"1":[0,0]}}
,"/Users/tagawahirotaka/Desktop/ui-components/src/components/atoms/MediaObjectLayout/index.js": {"path":"/Users/tagawahirotaka/Desktop/ui-components/src/components/atoms/MediaObjectLayout/index.js","statementMap":{"0":{"start":{"line":1,"column":13},"end":{"line":1,"column":75}},"1":{"start":{"line":1,"column":88},"end":{"line":1,"column":104}},"2":{"start":{"line":1,"column":119},"end":{"line":1,"column":149}},"3":{"start":{"line":2,"column":14},"end":{"line":2,"column":37}},"4":{"start":{"line":2,"column":53},"end":{"line":2,"column":84}},"5":{"start":{"line":2,"column":123},"end":{"line":2,"column":177}},"6":{"start":{"line":4,"column":24},"end":{"line":7,"column":103}},"7":{"start":{"line":4,"column":73},"end":{"line":4,"column":86}},"8":{"start":{"line":4,"column":99},"end":{"line":4,"column":113}},"9":{"start":{"line":4,"column":125},"end":{"line":4,"column":133}},"10":{"start":{"line":4,"column":140},"end":{"line":4,"column":181}},"11":{"start":{"line":4,"column":182},"end":{"line":7,"column":102}},"12":{"start":{"line":7,"column":104},"end":{"line":7,"column":156}},"13":{"start":{"line":7,"column":156},"end":{"line":11,"column":18}},"14":{"start":{"line":11,"column":18},"end":{"line":11,"column":54}}},"fnMap":{"0":{"name":"_interopRequireDefault","decl":{"start":{"line":2,"column":94},"end":{"line":2,"column":116}},"loc":{"start":{"line":2,"column":122},"end":{"line":2,"column":178}},"line":2},"1":{"name":"MediaObjectLayout","decl":{"start":{"line":4,"column":33},"end":{"line":4,"column":50}},"loc":{"start":{"line":4,"column":57},"end":{"line":7,"column":103}},"line":4}},"branchMap":{"0":{"loc":{"start":{"line":2,"column":130},"end":{"line":2,"column":176}},"type":"cond-expr","locations":[{"start":{"line":2,"column":154},"end":{"line":2,"column":157}},{"start":{"line":2,"column":160},"end":{"line":2,"column":176}}],"line":2},"1":{"loc":{"start":{"line":2,"column":130},"end":{"line":2,"column":151}},"type":"binary-expr","locations":[{"start":{"line":2,"column":130},"end":{"line":2,"column":133}},{"start":{"line":2,"column":137},"end":{"line":2,"column":151}}],"line":2},"2":{"loc":{"start":{"line":4,"column":140},"end":{"line":4,"column":181}},"type":"cond-expr","locations":[{"start":{"line":4,"column":165},"end":{"line":4,"column":170}},{"start":{"line":4,"column":173},"end":{"line":4,"column":181}}],"line":4}},"s":{"0":0,"1":0,"2":0,"3":0,"4":0,"5":0,"6":0,"7":0,"8":0,"9":0,"10":0,"11":0,"12":0,"13":0,"14":0},"f":{"0":0,"1":0},"b":{"0":[0,0],"1":[0,0],"2":[0,0]}}
,"/Users/tagawahirotaka/Desktop/ui-components/src/components/atoms/StickyHeaderLayout/index.js": {"path":"/Users/tagawahirotaka/Desktop/ui-components/src/components/atoms/StickyHeaderLayout/index.js","statementMap":{"0":{"start":{"line":1,"column":13},"end":{"line":1,"column":75}},"1":{"start":{"line":1,"column":88},"end":{"line":1,"column":104}},"2":{"start":{"line":1,"column":119},"end":{"line":1,"column":149}},"3":{"start":{"line":2,"column":14},"end":{"line":2,"column":37}},"4":{"start":{"line":2,"column":53},"end":{"line":2,"column":84}},"5":{"start":{"line":2,"column":123},"end":{"line":2,"column":177}},"6":{"start":{"line":2,"column":237},"end":{"line":2,"column":239}},"7":{"start":{"line":2,"column":240},"end":{"line":2,"column":375}},"8":{"start":{"line":2,"column":260},"end":{"line":2,"column":295}},"9":{"start":{"line":2,"column":286},"end":{"line":2,"column":295}},"10":{"start":{"line":2,"column":295},"end":{"line":2,"column":355}},"11":{"start":{"line":2,"column":346},"end":{"line":2,"column":355}},"12":{"start":{"line":2,"column":355},"end":{"line":2,"column":374}},"13":{"start":{"line":2,"column":375},"end":{"line":2,"column":389}},"14":{"start":{"line":4,"column":25},"end":{"line":7,"column":97}},"15":{"start":{"line":4,"column":75},"end":{"line":4,"column":83}},"16":{"start":{"line":4,"column":90},"end":{"line":4,"column":131}},"17":{"start":{"line":4,"column":143},"end":{"line":4,"column":156}},"18":{"start":{"line":4,"column":165},"end":{"line":4,"column":216}},"19":{"start":{"line":4,"column":217},"end":{"line":7,"column":96}},"20":{"start":{"line":7,"column":98},"end":{"line":7,"column":152}},"21":{"start":{"line":7,"column":152},"end":{"line":11,"column":19}},"22":{"start":{"line":11,"column":19},"end":{"line":11,"column":55}}},"fnMap":{"0":{"name":"_interopRequireDefault","decl":{"start":{"line":2,"column":94},"end":{"line":2,"column":116}},"loc":{"start":{"line":2,"column":122},"end":{"line":2,"column":178}},"line":2},"1":{"name":"_objectWithoutProperties","decl":{"start":{"line":2,"column":187},"end":{"line":2,"column":211}},"loc":{"start":{"line":2,"column":223},"end":{"line":2,"column":390}},"line":2},"2":{"name":"StickyHeaderLayout","decl":{"start":{"line":4,"column":34},"end":{"line":4,"column":52}},"loc":{"start":{"line":4,"column":59},"end":{"line":7,"column":97}},"line":4}},"branchMap":{"0":{"loc":{"start":{"line":2,"column":130},"end":{"line":2,"column":176}},"type":"cond-expr","locations":[{"start":{"line":2,"column":154},"end":{"line":2,"column":157}},{"start":{"line":2,"column":160},"end":{"line":2,"column":176}}],"line":2},"1":{"loc":{"start":{"line":2,"column":130},"end":{"line":2,"column":151}},"type":"binary-expr","locations":[{"start":{"line":2,"column":130},"end":{"line":2,"column":133}},{"start":{"line":2,"column":137},"end":{"line":2,"column":151}}],"line":2},"2":{"loc":{"start":{"line":2,"column":260},"end":{"line":2,"column":295}},"type":"if","locations":[{"start":{"line":2,"column":260},"end":{"line":2,"column":295}},{"start":{"line":2,"column":260},"end":{"line":2,"column":295}}],"line":2},"3":{"loc":{"start":{"line":2,"column":295},"end":{"line":2,"column":355}},"type":"if","locations":[{"start":{"line":2,"column":295},"end":{"line":2,"column":355}},{"start":{"line":2,"column":295},"end":{"line":2,"column":355}}],"line":2},"4":{"loc":{"start":{"line":4,"column":90},"end":{"line":4,"column":131}},"type":"cond-expr","locations":[{"start":{"line":4,"column":115},"end":{"line":4,"column":120}},{"start":{"line":4,"column":123},"end":{"line":4,"column":131}}],"line":4}},"s":{"0":0,"1":0,"2":0,"3":0,"4":0,"5":0,"6":0,"7":0,"8":0,"9":0,"10":0,"11":0,"12":0,"13":0,"14":0,"15":0,"16":0,"17":0,"18":0,"19":0,"20":0,"21":0,"22":0},"f":{"0":0,"1":0,"2":0},"b":{"0":[0,0],"1":[0,0],"2":[0,0],"3":[0,0],"4":[0,0]}}
,"/Users/tagawahirotaka/Desktop/ui-components/src/components/atoms/TextBox/index.js": {"path":"/Users/tagawahirotaka/Desktop/ui-components/src/components/atoms/TextBox/index.js","statementMap":{"0":{"start":{"line":1,"column":13},"end":{"line":1,"column":75}},"1":{"start":{"line":1,"column":90},"end":{"line":1,"column":321}},"2":{"start":{"line":1,"column":126},"end":{"line":1,"column":306}},"3":{"start":{"line":1,"column":183},"end":{"line":1,"column":195}},"4":{"start":{"line":1,"column":196},"end":{"line":1,"column":305}},"5":{"start":{"line":1,"column":221},"end":{"line":1,"column":304}},"6":{"start":{"line":1,"column":277},"end":{"line":1,"column":303}},"7":{"start":{"line":1,"column":306},"end":{"line":1,"column":320}},"8":{"start":{"line":1,"column":335},"end":{"line":1,"column":351}},"9":{"start":{"line":1,"column":366},"end":{"line":1,"column":396}},"10":{"start":{"line":2,"column":14},"end":{"line":2,"column":37}},"11":{"start":{"line":2,"column":53},"end":{"line":2,"column":84}},"12":{"start":{"line":2,"column":123},"end":{"line":2,"column":177}},"13":{"start":{"line":2,"column":237},"end":{"line":2,"column":239}},"14":{"start":{"line":2,"column":240},"end":{"line":2,"column":375}},"15":{"start":{"line":2,"column":260},"end":{"line":2,"column":295}},"16":{"start":{"line":2,"column":286},"end":{"line":2,"column":295}},"17":{"start":{"line":2,"column":295},"end":{"line":2,"column":355}},"18":{"start":{"line":2,"column":346},"end":{"line":2,"column":355}},"19":{"start":{"line":2,"column":355},"end":{"line":2,"column":374}},"20":{"start":{"line":2,"column":375},"end":{"line":2,"column":389}},"21":{"start":{"line":4,"column":14},"end":{"line":5,"column":140}},"22":{"start":{"line":4,"column":54},"end":{"line":4,"column":68}},"23":{"start":{"line":4,"column":77},"end":{"line":4,"column":122}},"24":{"start":{"line":4,"column":123},"end":{"line":5,"column":139}},"25":{"start":{"line":5,"column":141},"end":{"line":5,"column":173}},"26":{"start":{"line":5,"column":173},"end":{"line":8,"column":8}},"27":{"start":{"line":8,"column":8},"end":{"line":8,"column":44}}},"fnMap":{"0":{"name":"(anonymous_0)","decl":{"start":{"line":1,"column":107},"end":{"line":1,"column":108}},"loc":{"start":{"line":1,"column":125},"end":{"line":1,"column":321}},"line":1},"1":{"name":"_interopRequireDefault","decl":{"start":{"line":2,"column":94},"end":{"line":2,"column":116}},"loc":{"start":{"line":2,"column":122},"end":{"line":2,"column":178}},"line":2},"2":{"name":"_objectWithoutProperties","decl":{"start":{"line":2,"column":187},"end":{"line":2,"column":211}},"loc":{"start":{"line":2,"column":223},"end":{"line":2,"column":390}},"line":2},"3":{"name":"TextBox","decl":{"start":{"line":4,"column":23},"end":{"line":4,"column":30}},"loc":{"start":{"line":4,"column":37},"end":{"line":5,"column":140}},"line":4}},"branchMap":{"0":{"loc":{"start":{"line":1,"column":90},"end":{"line":1,"column":321}},"type":"binary-expr","locations":[{"start":{"line":1,"column":90},"end":{"line":1,"column":103}},{"start":{"line":1,"column":107},"end":{"line":1,"column":321}}],"line":1},"1":{"loc":{"start":{"line":1,"column":221},"end":{"line":1,"column":304}},"type":"if","locations":[{"start":{"line":1,"column":221},"end":{"line":1,"column":304}},{"start":{"line":1,"column":221},"end":{"line":1,"column":304}}],"line":1},"2":{"loc":{"start":{"line":2,"column":130},"end":{"line":2,"column":176}},"type":"cond-expr","locations":[{"start":{"line":2,"column":154},"end":{"line":2,"column":157}},{"start":{"line":2,"column":160},"end":{"line":2,"column":176}}],"line":2},"3":{"loc":{"start":{"line":2,"column":130},"end":{"line":2,"column":151}},"type":"binary-expr","locations":[{"start":{"line":2,"column":130},"end":{"line":2,"column":133}},{"start":{"line":2,"column":137},"end":{"line":2,"column":151}}],"line":2},"4":{"loc":{"start":{"line":2,"column":260},"end":{"line":2,"column":295}},"type":"if","locations":[{"start":{"line":2,"column":260},"end":{"line":2,"column":295}},{"start":{"line":2,"column":260},"end":{"line":2,"column":295}}],"line":2},"5":{"loc":{"start":{"line":2,"column":295},"end":{"line":2,"column":355}},"type":"if","locations":[{"start":{"line":2,"column":295},"end":{"line":2,"column":355}},{"start":{"line":2,"column":295},"end":{"line":2,"column":355}}],"line":2}},"s":{"0":0,"1":0,"2":0,"3":0,"4":0,"5":0,"6":0,"7":0,"8":0,"9":0,"10":0,"11":0,"12":0,"13":0,"14":0,"15":0,"16":0,"17":0,"18":0,"19":0,"20":0,"21":0,"22":0,"23":0,"24":0,"25":0,"26":0,"27":0},"f":{"0":0,"1":0,"2":0,"3":0},"b":{"0":[0,0],"1":[0,0],"2":[0,0],"3":[0,0],"4":[0,0],"5":[0,0]}}
,"/Users/tagawahirotaka/Desktop/ui-components/src/components/atoms/Time/index.js": {"path":"/Users/tagawahirotaka/Desktop/ui-components/src/components/atoms/Time/index.js","statementMap":{"0":{"start":{"line":1,"column":13},"end":{"line":1,"column":75}},"1":{"start":{"line":1,"column":75},"end":{"line":1,"column":133}},"2":{"start":{"line":1,"column":148},"end":{"line":1,"column":379}},"3":{"start":{"line":1,"column":184},"end":{"line":1,"column":364}},"4":{"start":{"line":1,"column":241},"end":{"line":1,"column":253}},"5":{"start":{"line":1,"column":254},"end":{"line":1,"column":363}},"6":{"start":{"line":1,"column":279},"end":{"line":1,"column":362}},"7":{"start":{"line":1,"column":335},"end":{"line":1,"column":361}},"8":{"start":{"line":1,"column":364},"end":{"line":1,"column":378}},"9":{"start":{"line":1,"column":393},"end":{"line":1,"column":409}},"10":{"start":{"line":1,"column":424},"end":{"line":1,"column":454}},"11":{"start":{"line":2,"column":14},"end":{"line":2,"column":31}},"12":{"start":{"line":2,"column":47},"end":{"line":2,"column":78}},"13":{"start":{"line":3,"column":0},"end":{"line":3,"column":28}},"14":{"start":{"line":4,"column":11},"end":{"line":4,"column":40}},"15":{"start":{"line":4,"column":79},"end":{"line":4,"column":133}},"16":{"start":{"line":4,"column":193},"end":{"line":4,"column":195}},"17":{"start":{"line":4,"column":196},"end":{"line":4,"column":331}},"18":{"start":{"line":4,"column":216},"end":{"line":4,"column":251}},"19":{"start":{"line":4,"column":242},"end":{"line":4,"column":251}},"20":{"start":{"line":4,"column":251},"end":{"line":4,"column":311}},"21":{"start":{"line":4,"column":302},"end":{"line":4,"column":311}},"22":{"start":{"line":4,"column":311},"end":{"line":4,"column":330}},"23":{"start":{"line":4,"column":331},"end":{"line":4,"column":345}},"24":{"start":{"line":6,"column":20},"end":{"line":6,"column":128}},"25":{"start":{"line":6,"column":75},"end":{"line":6,"column":127}},"26":{"start":{"line":6,"column":129},"end":{"line":6,"column":173}},"27":{"start":{"line":8,"column":20},"end":{"line":29,"column":1}},"28":{"start":{"line":14,"column":17},"end":{"line":14,"column":31}},"29":{"start":{"line":14,"column":40},"end":{"line":14,"column":53}},"30":{"start":{"line":14,"column":65},"end":{"line":14,"column":78}},"31":{"start":{"line":14,"column":93},"end":{"line":14,"column":104}},"32":{"start":{"line":14,"column":114},"end":{"line":14,"column":174}},"33":{"start":{"line":14,"column":183},"end":{"line":14,"column":262}},"34":{"start":{"line":15,"column":2},"end":{"line":15,"column":30}},"35":{"start":{"line":18,"column":2},"end":{"line":22,"column":3}},"36":{"start":{"line":19,"column":4},"end":{"line":19,"column":32}},"37":{"start":{"line":21,"column":4},"end":{"line":21,"column":45}},"38":{"start":{"line":24,"column":2},"end":{"line":26,"column":3}},"39":{"start":{"line":25,"column":4},"end":{"line":25,"column":37}},"40":{"start":{"line":28,"column":2},"end":{"line":28,"column":80}},"41":{"start":{"line":29,"column":2},"end":{"line":29,"column":40}},"42":{"start":{"line":31,"column":11},"end":{"line":31,"column":67}},"43":{"start":{"line":31,"column":68},"end":{"line":32,"column":5}},"44":{"start":{"line":34,"column":0},"end":{"line":34,"column":26}},"45":{"start":{"line":37,"column":2},"end":{"line":37,"column":62}},"46":{"start":{"line":40,"column":48},"end":{"line":40,"column":134}},"47":{"start":{"line":41,"column":2},"end":{"line":41,"column":56}}},"fnMap":{"0":{"name":"(anonymous_0)","decl":{"start":{"line":1,"column":165},"end":{"line":1,"column":166}},"loc":{"start":{"line":1,"column":183},"end":{"line":1,"column":379}},"line":1},"1":{"name":"_interopRequireDefault","decl":{"start":{"line":4,"column":50},"end":{"line":4,"column":72}},"loc":{"start":{"line":4,"column":78},"end":{"line":4,"column":134}},"line":4},"2":{"name":"_objectWithoutProperties","decl":{"start":{"line":4,"column":143},"end":{"line":4,"column":167}},"loc":{"start":{"line":4,"column":179},"end":{"line":4,"column":346}},"line":4},"3":{"name":"TimePresenter","decl":{"start":{"line":6,"column":53},"end":{"line":6,"column":66}},"loc":{"start":{"line":6,"column":74},"end":{"line":6,"column":128}},"line":6},"4":{"name":"TimeContainer","decl":{"start":{"line":8,"column":29},"end":{"line":8,"column":42}},"loc":{"start":{"line":14,"column":0},"end":{"line":29,"column":1}},"line":14},"5":{"name":"isValid","decl":{"start":{"line":36,"column":9},"end":{"line":36,"column":16}},"loc":{"start":{"line":36,"column":27},"end":{"line":38,"column":1}},"line":36},"6":{"name":"formatDatetime","decl":{"start":{"line":40,"column":9},"end":{"line":40,"column":23}},"loc":{"start":{"line":40,"column":34},"end":{"line":42,"column":1}},"line":40}},"branchMap":{"0":{"loc":{"start":{"line":1,"column":148},"end":{"line":1,"column":379}},"type":"binary-expr","locations":[{"start":{"line":1,"column":148},"end":{"line":1,"column":161}},{"start":{"line":1,"column":165},"end":{"line":1,"column":379}}],"line":1},"1":{"loc":{"start":{"line":1,"column":279},"end":{"line":1,"column":362}},"type":"if","locations":[{"start":{"line":1,"column":279},"end":{"line":1,"column":362}},{"start":{"line":1,"column":279},"end":{"line":1,"column":362}}],"line":1},"2":{"loc":{"start":{"line":4,"column":86},"end":{"line":4,"column":132}},"type":"cond-expr","locations":[{"start":{"line":4,"column":110},"end":{"line":4,"column":113}},{"start":{"line":4,"column":116},"end":{"line":4,"column":132}}],"line":4},"3":{"loc":{"start":{"line":4,"column":86},"end":{"line":4,"column":107}},"type":"binary-expr","locations":[{"start":{"line":4,"column":86},"end":{"line":4,"column":89}},{"start":{"line":4,"column":93},"end":{"line":4,"column":107}}],"line":4},"4":{"loc":{"start":{"line":4,"column":216},"end":{"line":4,"column":251}},"type":"if","locations":[{"start":{"line":4,"column":216},"end":{"line":4,"column":251}},{"start":{"line":4,"column":216},"end":{"line":4,"column":251}}],"line":4},"5":{"loc":{"start":{"line":4,"column":251},"end":{"line":4,"column":311}},"type":"if","locations":[{"start":{"line":4,"column":251},"end":{"line":4,"column":311}},{"start":{"line":4,"column":251},"end":{"line":4,"column":311}}],"line":4},"6":{"loc":{"start":{"line":14,"column":114},"end":{"line":14,"column":174}},"type":"cond-expr","locations":[{"start":{"line":14,"column":142},"end":{"line":14,"column":160}},{"start":{"line":14,"column":163},"end":{"line":14,"column":174}}],"line":14},"7":{"loc":{"start":{"line":18,"column":2},"end":{"line":22,"column":3}},"type":"if","locations":[{"start":{"line":18,"column":2},"end":{"line":22,"column":3}},{"start":{"line":18,"column":2},"end":{"line":22,"column":3}}],"line":18},"8":{"loc":{"start":{"line":24,"column":2},"end":{"line":26,"column":3}},"type":"if","locations":[{"start":{"line":24,"column":2},"end":{"line":26,"column":3}},{"start":{"line":24,"column":2},"end":{"line":26,"column":3}}],"line":24},"9":{"loc":{"start":{"line":40,"column":48},"end":{"line":40,"column":134}},"type":"cond-expr","locations":[{"start":{"line":40,"column":101},"end":{"line":40,"column":113}},{"start":{"line":40,"column":116},"end":{"line":40,"column":134}}],"line":40},"10":{"loc":{"start":{"line":40,"column":48},"end":{"line":40,"column":98}},"type":"binary-expr","locations":[{"start":{"line":40,"column":48},"end":{"line":40,"column":68}},{"start":{"line":40,"column":72},"end":{"line":40,"column":98}}],"line":40}},"s":{"0":0,"1":0,"2":0,"3":0,"4":0,"5":0,"6":0,"7":0,"8":0,"9":0,"10":0,"11":0,"12":0,"13":0,"14":0,"15":0,"16":0,"17":0,"18":0,"19":0,"20":0,"21":0,"22":0,"23":0,"24":0,"25":0,"26":0,"27":0,"28":0,"29":0,"30":0,"31":0,"32":0,"33":0,"34":0,"35":0,"36":0,"37":0,"38":0,"39":0,"40":0,"41":0,"42":0,"43":0,"44":0,"45":0,"46":0,"47":0},"f":{"0":0,"1":0,"2":0,"3":0,"4":0,"5":0,"6":0},"b":{"0":[0,0],"1":[0,0],"2":[0,0],"3":[0,0],"4":[0,0],"5":[0,0],"6":[0,0],"7":[0,0],"8":[0,0],"9":[0,0],"10":[0,0]}}
,"/Users/tagawahirotaka/Desktop/ui-components/src/components/atoms/Txt/index.js": {"path":"/Users/tagawahirotaka/Desktop/ui-components/src/components/atoms/Txt/index.js","statementMap":{"0":{"start":{"line":1,"column":13},"end":{"line":1,"column":75}},"1":{"start":{"line":1,"column":75},"end":{"line":1,"column":142}},"2":{"start":{"line":1,"column":157},"end":{"line":1,"column":388}},"3":{"start":{"line":1,"column":193},"end":{"line":1,"column":373}},"4":{"start":{"line":1,"column":250},"end":{"line":1,"column":262}},"5":{"start":{"line":1,"column":263},"end":{"line":1,"column":372}},"6":{"start":{"line":1,"column":288},"end":{"line":1,"column":371}},"7":{"start":{"line":1,"column":344},"end":{"line":1,"column":370}},"8":{"start":{"line":1,"column":373},"end":{"line":1,"column":387}},"9":{"start":{"line":1,"column":402},"end":{"line":1,"column":418}},"10":{"start":{"line":1,"column":433},"end":{"line":1,"column":463}},"11":{"start":{"line":2,"column":14},"end":{"line":2,"column":37}},"12":{"start":{"line":2,"column":53},"end":{"line":2,"column":84}},"13":{"start":{"line":2,"column":123},"end":{"line":2,"column":177}},"14":{"start":{"line":2,"column":237},"end":{"line":2,"column":239}},"15":{"start":{"line":2,"column":240},"end":{"line":2,"column":375}},"16":{"start":{"line":2,"column":260},"end":{"line":2,"column":295}},"17":{"start":{"line":2,"column":286},"end":{"line":2,"column":295}},"18":{"start":{"line":2,"column":295},"end":{"line":2,"column":355}},"19":{"start":{"line":2,"column":346},"end":{"line":2,"column":355}},"20":{"start":{"line":2,"column":355},"end":{"line":2,"column":374}},"21":{"start":{"line":2,"column":375},"end":{"line":2,"column":389}},"22":{"start":{"line":4,"column":17},"end":{"line":5,"column":148}},"23":{"start":{"line":4,"column":44},"end":{"line":5,"column":147}},"24":{"start":{"line":4,"column":83},"end":{"line":4,"column":91}},"25":{"start":{"line":4,"column":98},"end":{"line":4,"column":137}},"26":{"start":{"line":4,"column":150},"end":{"line":4,"column":159}},"27":{"start":{"line":4,"column":167},"end":{"line":4,"column":208}},"28":{"start":{"line":4,"column":221},"end":{"line":4,"column":235}},"29":{"start":{"line":4,"column":244},"end":{"line":4,"column":304}},"30":{"start":{"line":4,"column":305},"end":{"line":5,"column":145}},"31":{"start":{"line":8,"column":10},"end":{"line":8,"column":31}},"32":{"start":{"line":8,"column":32},"end":{"line":9,"column":4}},"33":{"start":{"line":11,"column":14},"end":{"line":11,"column":50}},"34":{"start":{"line":12,"column":17},"end":{"line":12,"column":59}},"35":{"start":{"line":13,"column":14},"end":{"line":13,"column":50}}},"fnMap":{"0":{"name":"(anonymous_0)","decl":{"start":{"line":1,"column":174},"end":{"line":1,"column":175}},"loc":{"start":{"line":1,"column":192},"end":{"line":1,"column":388}},"line":1},"1":{"name":"_interopRequireDefault","decl":{"start":{"line":2,"column":94},"end":{"line":2,"column":116}},"loc":{"start":{"line":2,"column":122},"end":{"line":2,"column":178}},"line":2},"2":{"name":"_objectWithoutProperties","decl":{"start":{"line":2,"column":187},"end":{"line":2,"column":211}},"loc":{"start":{"line":2,"column":223},"end":{"line":2,"column":390}},"line":2},"3":{"name":"txtFactory","decl":{"start":{"line":4,"column":26},"end":{"line":4,"column":36}},"loc":{"start":{"line":4,"column":43},"end":{"line":5,"column":148}},"line":4},"4":{"name":"(anonymous_4)","decl":{"start":{"line":4,"column":51},"end":{"line":4,"column":52}},"loc":{"start":{"line":4,"column":67},"end":{"line":5,"column":146}},"line":4}},"branchMap":{"0":{"loc":{"start":{"line":1,"column":157},"end":{"line":1,"column":388}},"type":"binary-expr","locations":[{"start":{"line":1,"column":157},"end":{"line":1,"column":170}},{"start":{"line":1,"column":174},"end":{"line":1,"column":388}}],"line":1},"1":{"loc":{"start":{"line":1,"column":288},"end":{"line":1,"column":371}},"type":"if","locations":[{"start":{"line":1,"column":288},"end":{"line":1,"column":371}},{"start":{"line":1,"column":288},"end":{"line":1,"column":371}}],"line":1},"2":{"loc":{"start":{"line":2,"column":130},"end":{"line":2,"column":176}},"type":"cond-expr","locations":[{"start":{"line":2,"column":154},"end":{"line":2,"column":157}},{"start":{"line":2,"column":160},"end":{"line":2,"column":176}}],"line":2},"3":{"loc":{"start":{"line":2,"column":130},"end":{"line":2,"column":151}},"type":"binary-expr","locations":[{"start":{"line":2,"column":130},"end":{"line":2,"column":133}},{"start":{"line":2,"column":137},"end":{"line":2,"column":151}}],"line":2},"4":{"loc":{"start":{"line":2,"column":260},"end":{"line":2,"column":295}},"type":"if","locations":[{"start":{"line":2,"column":260},"end":{"line":2,"column":295}},{"start":{"line":2,"column":260},"end":{"line":2,"column":295}}],"line":2},"5":{"loc":{"start":{"line":2,"column":295},"end":{"line":2,"column":355}},"type":"if","locations":[{"start":{"line":2,"column":295},"end":{"line":2,"column":355}},{"start":{"line":2,"column":295},"end":{"line":2,"column":355}}],"line":2},"6":{"loc":{"start":{"line":4,"column":98},"end":{"line":4,"column":137}},"type":"cond-expr","locations":[{"start":{"line":4,"column":123},"end":{"line":4,"column":126}},{"start":{"line":4,"column":129},"end":{"line":4,"column":137}}],"line":4},"7":{"loc":{"start":{"line":4,"column":167},"end":{"line":4,"column":208}},"type":"cond-expr","locations":[{"start":{"line":4,"column":193},"end":{"line":4,"column":196}},{"start":{"line":4,"column":199},"end":{"line":4,"column":208}}],"line":4}},"s":{"0":0,"1":0,"2":0,"3":0,"4":0,"5":0,"6":0,"7":0,"8":0,"9":0,"10":0,"11":0,"12":0,"13":0,"14":0,"15":0,"16":0,"17":0,"18":0,"19":0,"20":0,"21":0,"22":0,"23":0,"24":0,"25":0,"26":0,"27":0,"28":0,"29":0,"30":0,"31":0,"32":0,"33":0,"34":0,"35":0},"f":{"0":0,"1":0,"2":0,"3":0,"4":0},"b":{"0":[0,0],"1":[0,0],"2":[0,0],"3":[0,0],"4":[0,0],"5":[0,0],"6":[0,0],"7":[0,0]}}
,"/Users/tagawahirotaka/Desktop/ui-components/src/components/molecules/Breadcrumb/index.js": {"path":"/Users/tagawahirotaka/Desktop/ui-components/src/components/molecules/Breadcrumb/index.js","statementMap":{"0":{"start":{"line":1,"column":13},"end":{"line":1,"column":75}},"1":{"start":{"line":1,"column":88},"end":{"line":1,"column":104}},"2":{"start":{"line":1,"column":119},"end":{"line":1,"column":149}},"3":{"start":{"line":2,"column":14},"end":{"line":2,"column":37}},"4":{"start":{"line":2,"column":53},"end":{"line":2,"column":84}},"5":{"start":{"line":3,"column":13},"end":{"line":3,"column":51}},"6":{"start":{"line":3,"column":66},"end":{"line":3,"column":96}},"7":{"start":{"line":4,"column":14},"end":{"line":4,"column":49}},"8":{"start":{"line":4,"column":88},"end":{"line":4,"column":142}},"9":{"start":{"line":6,"column":19},"end":{"line":6,"column":21}},"10":{"start":{"line":8,"column":17},"end":{"line":12,"column":245}},"11":{"start":{"line":8,"column":61},"end":{"line":8,"column":71}},"12":{"start":{"line":8,"column":80},"end":{"line":8,"column":132}},"13":{"start":{"line":8,"column":133},"end":{"line":12,"column":244}},"14":{"start":{"line":10,"column":38},"end":{"line":12,"column":239}},"15":{"start":{"line":12,"column":246},"end":{"line":12,"column":284}},"16":{"start":{"line":12,"column":284},"end":{"line":17,"column":11}},"17":{"start":{"line":17,"column":11},"end":{"line":17,"column":47}}},"fnMap":{"0":{"name":"_interopRequireDefault","decl":{"start":{"line":4,"column":59},"end":{"line":4,"column":81}},"loc":{"start":{"line":4,"column":87},"end":{"line":4,"column":143}},"line":4},"1":{"name":"Breadcrumb","decl":{"start":{"line":8,"column":26},"end":{"line":8,"column":36}},"loc":{"start":{"line":8,"column":43},"end":{"line":12,"column":245}},"line":8},"2":{"name":"(anonymous_2)","decl":{"start":{"line":10,"column":16},"end":{"line":10,"column":17}},"loc":{"start":{"line":10,"column":37},"end":{"line":12,"column":240}},"line":10}},"branchMap":{"0":{"loc":{"start":{"line":4,"column":95},"end":{"line":4,"column":141}},"type":"cond-expr","locations":[{"start":{"line":4,"column":119},"end":{"line":4,"column":122}},{"start":{"line":4,"column":125},"end":{"line":4,"column":141}}],"line":4},"1":{"loc":{"start":{"line":4,"column":95},"end":{"line":4,"column":116}},"type":"binary-expr","locations":[{"start":{"line":4,"column":95},"end":{"line":4,"column":98}},{"start":{"line":4,"column":102},"end":{"line":4,"column":116}}],"line":4},"2":{"loc":{"start":{"line":8,"column":80},"end":{"line":8,"column":132}},"type":"cond-expr","locations":[{"start":{"line":8,"column":107},"end":{"line":8,"column":119}},{"start":{"line":8,"column":122},"end":{"line":8,"column":132}}],"line":8},"3":{"loc":{"start":{"line":12,"column":12},"end":{"line":12,"column":236}},"type":"cond-expr","locations":[{"start":{"line":12,"column":37},"end":{"line":12,"column":178}},{"start":{"line":12,"column":181},"end":{"line":12,"column":236}}],"line":12}},"s":{"0":0,"1":0,"2":0,"3":0,"4":0,"5":0,"6":0,"7":0,"8":0,"9":0,"10":0,"11":0,"12":0,"13":0,"14":0,"15":0,"16":0,"17":0},"f":{"0":0,"1":0,"2":0},"b":{"0":[0,0],"1":[0,0],"2":[0,0],"3":[0,0]}}
,"/Users/tagawahirotaka/Desktop/ui-components/src/components/molecules/DeleteButton/index.js": {"path":"/Users/tagawahirotaka/Desktop/ui-components/src/components/molecules/DeleteButton/index.js","statementMap":{"0":{"start":{"line":1,"column":13},"end":{"line":1,"column":75}},"1":{"start":{"line":1,"column":90},"end":{"line":1,"column":321}},"2":{"start":{"line":1,"column":126},"end":{"line":1,"column":306}},"3":{"start":{"line":1,"column":183},"end":{"line":1,"column":195}},"4":{"start":{"line":1,"column":196},"end":{"line":1,"column":305}},"5":{"start":{"line":1,"column":221},"end":{"line":1,"column":304}},"6":{"start":{"line":1,"column":277},"end":{"line":1,"column":303}},"7":{"start":{"line":1,"column":306},"end":{"line":1,"column":320}},"8":{"start":{"line":1,"column":335},"end":{"line":1,"column":351}},"9":{"start":{"line":1,"column":366},"end":{"line":1,"column":396}},"10":{"start":{"line":2,"column":14},"end":{"line":2,"column":37}},"11":{"start":{"line":2,"column":53},"end":{"line":2,"column":84}},"12":{"start":{"line":3,"column":13},"end":{"line":3,"column":49}},"13":{"start":{"line":4,"column":14},"end":{"line":4,"column":53}},"14":{"start":{"line":4,"column":68},"end":{"line":4,"column":99}},"15":{"start":{"line":5,"column":14},"end":{"line":5,"column":65}},"16":{"start":{"line":5,"column":80},"end":{"line":5,"column":111}},"17":{"start":{"line":5,"column":150},"end":{"line":5,"column":204}},"18":{"start":{"line":5,"column":264},"end":{"line":5,"column":266}},"19":{"start":{"line":5,"column":267},"end":{"line":5,"column":402}},"20":{"start":{"line":5,"column":287},"end":{"line":5,"column":322}},"21":{"start":{"line":5,"column":313},"end":{"line":5,"column":322}},"22":{"start":{"line":5,"column":322},"end":{"line":5,"column":382}},"23":{"start":{"line":5,"column":373},"end":{"line":5,"column":382}},"24":{"start":{"line":5,"column":382},"end":{"line":5,"column":401}},"25":{"start":{"line":5,"column":402},"end":{"line":5,"column":416}},"26":{"start":{"line":7,"column":19},"end":{"line":10,"column":140}},"27":{"start":{"line":7,"column":64},"end":{"line":7,"column":78}},"28":{"start":{"line":7,"column":89},"end":{"line":7,"column":101}},"29":{"s
[...]
":{"line":1,"column":270},"end":{"line":1,"column":301}},"6":{"start":{"line":1,"column":301},"end":{"line":1,"column":355}},"7":{"start":{"line":1,"column":328},"end":{"line":1,"column":355}},"8":{"start":{"line":1,"column":355},"end":{"line":1,"column":413}},"9":{"start":{"line":1,"column":415},"end":{"line":1,"column":620}},"10":{"start":{"line":1,"column":471},"end":{"line":1,"column":539}},"11":{"start":{"line":1,"column":487},"end":{"line":1,"column":539}},"12":{"start":{"line":1,"column":539},"end":{"line":1,"column":599}},"13":{"start":{"line":1,"column":556},"end":{"line":1,"column":599}},"14":{"start":{"line":1,"column":599},"end":{"line":1,"column":618}},"15":{"start":{"line":1,"column":645},"end":{"line":1,"column":673}},"16":{"start":{"line":1,"column":695},"end":{"line":1,"column":733}},"17":{"start":{"line":1,"column":772},"end":{"line":1,"column":826}},"18":{"start":{"line":1,"column":861},"end":{"line":1,"column":1012}},"19":{"start":{"line":1,"column":886},"end":{"line":1,"column":968}},"20":{"start":{"line":1,"column":950},"end":{"line":1,"column":967}},"21":{"start":{"line":1,"column":968},"end":{"line":1,"column":980}},"22":{"start":{"line":1,"column":988},"end":{"line":1,"column":1011}},"23":{"start":{"line":1,"column":1062},"end":{"line":1,"column":1161}},"24":{"start":{"line":1,"column":1103},"end":{"line":1,"column":1160}},"25":{"start":{"line":1,"column":1211},"end":{"line":1,"column":1310}},"26":{"start":{"line":1,"column":1223},"end":{"line":1,"column":1309}},"27":{"start":{"line":1,"column":1310},"end":{"line":1,"column":1396}},"28":{"start":{"line":1,"column":1439},"end":{"line":1,"column":1602}},"29":{"start":{"line":1,"column":1501},"end":{"line":1,"column":1601}},"30":{"start":{"line":1,"column":1602},"end":{"line":1,"column":1766}},"31":{"start":{"line":1,"column":1766},"end":{"line":1,"column":1884}},"32":{"start":{"line":1,"column":1782},"end":{"line":1,"column":1884}},"33":{"start":{"line":3,"column":8},"end":{"line":35,"column":48}},"34":{"start":{"line":3,"column":34},"end":{"line":3,"column":66}},"35":{"start":{"line":4,"column":30},"end":{"line":4,"column":59}},"36":{"start":{"line":4,"column":71},"end":{"line":4,"column":165}},"37":{"start":{"line":6,"column":4},"end":{"line":6,"column":29}},"38":{"start":{"line":7,"column":4},"end":{"line":7,"column":27}},"39":{"start":{"line":8,"column":4},"end":{"line":8,"column":26}},"40":{"start":{"line":9,"column":4},"end":{"line":9,"column":54}},"41":{"start":{"line":10,"column":4},"end":{"line":10,"column":80}},"42":{"start":{"line":10,"column":80},"end":{"line":10,"column":93}},"43":{"start":{"line":11,"column":3},"end":{"line":35,"column":10}},"44":{"start":{"line":14,"column":22},"end":{"line":14,"column":40}},"45":{"start":{"line":14,"column":55},"end":{"line":14,"column":71}},"46":{"start":{"line":14,"column":85},"end":{"line":14,"column":100}},"47":{"start":{"line":15,"column":6},"end":{"line":18,"column":33}},"48":{"start":{"line":22,"column":25},"end":{"line":22,"column":43}},"49":{"start":{"line":22,"column":58},"end":{"line":22,"column":74}},"50":{"start":{"line":22,"column":88},"end":{"line":22,"column":103}},"51":{"start":{"line":23,"column":6},"end":{"line":23,"column":60}},"52":{"start":{"line":24,"column":6},"end":{"line":24,"column":54}},"53":{"start":{"line":25,"column":6},"end":{"line":25,"column":51}},"54":{"start":{"line":26,"column":6},"end":{"line":26,"column":38}},"55":{"start":{"line":30,"column":16},"end":{"line":30,"column":86}},"56":{"start":{"line":30,"column":62},"end":{"line":30,"column":84}},"57":{"start":{"line":31,"column":26},"end":{"line":31,"column":75}},"58":{"start":{"line":32,"column":6},"end":{"line":32,"column":35}},"59":{"start":{"line":33,"column":6},"end":{"line":33,"column":41}},"60":{"start":{"line":34,"column":6},"end":{"line":34,"column":38}},"61":{"start":{"line":35,"column":10},"end":{"line":35,"column":23}},"62":{"start":{"line":35,"column":49},"end":{"line":35,"column":73}},"63":{"start":{"line":35,"column":73},"end":{"line":35,"column":109}}},"fnMap":{"0":{"name":"(anonymous_0)","decl":{"start":{"line":1,"column":94},"end":{"line":1,"column":95}},"loc":{"start":{"line":1,"column":106},"end":{"line":1,"column":621}},"line":1},"1":{"name":"defineProperties","decl":{"start":{"line":1,"column":116},"end":{"line":1,"column":132}},"loc":{"start":{"line":1,"column":148},"end":{"line":1,"column":415}},"line":1},"2":{"name":"(anonymous_2)","decl":{"start":{"line":1,"column":422},"end":{"line":1,"column":423}},"loc":{"start":{"line":1,"column":470},"end":{"line":1,"column":619}},"line":1},"3":{"name":"_interopRequireDefault","decl":{"start":{"line":1,"column":743},"end":{"line":1,"column":765}},"loc":{"start":{"line":1,"column":771},"end":{"line":1,"column":827}},"line":1},"4":{"name":"_toConsumableArray","decl":{"start":{"line":1,"column":836},"end":{"line":1,"column":854}},"loc":{"start":{"line":1,"column":860},"end":{"line":1,"column":1013}},"line":1},"5":{"name":"_classCallCheck","decl":{"start":{"line":1,"column":1022},"end":{"line":1,"column":1037}},"loc":{"start":{"line":1,"column":1061},"end":{"line":1,"column":1162}},"line":1},"6":{"name":"_possibleConstructorReturn","decl":{"start":{"line":1,"column":1171},"end":{"line":1,"column":1197}},"loc":{"start":{"line":1,"column":1210},"end":{"line":1,"column":1397}},"line":1},"7":{"name":"_inherits","decl":{"start":{"line":1,"column":1406},"end":{"line":1,"column":1415}},"loc":{"start":{"line":1,"column":1438},"end":{"line":1,"column":1885}},"line":1},"8":{"name":"(anonymous_8)","decl":{"start":{"line":3,"column":8},"end":{"line":3,"column":9}},"loc":{"start":{"line":3,"column":33},"end":{"line":35,"column":24}},"line":3},"9":{"name":"Store","decl":{"start":{"line":4,"column":11},"end":{"line":4,"column":16}},"loc":{"start":{"line":4,"column":29},"end":{"line":11,"column":3}},"line":4},"10":{"name":"get","decl":{"start":{"line":11,"column":54},"end":{"line":11,"column":57}},"loc":{"start":{"line":13,"column":4},"end":{"line":20,"column":5}},"line":13},"11":{"name":"onChange","decl":{"start":{"line":20,"column":44},"end":{"line":20,"column":52}},"loc":{"start":{"line":22,"column":4},"end":{"line":27,"column":5}},"line":22},"12":{"name":"onDeleteNotification","decl":{"start":{"line":27,"column":56},"end":{"line":27,"column":76}},"loc":{"start":{"line":29,"column":8},"end":{"line":35,"column":5}},"line":29},"13":{"name":"(anonymous_13)","decl":{"start":{"line":30,"column":45},"end":{"line":30,"column":46}},"loc":{"start":{"line":30,"column":61},"end":{"line":30,"column":85}},"line":30}},"branchMap":{"0":{"loc":{"start":{"line":1,"column":239},"end":{"line":1,"column":269}},"type":"binary-expr","locations":[{"start":{"line":1,"column":239},"end":{"line":1,"column":260}},{"start":{"line":1,"column":264},"end":{"line":1,"column":269}}],"line":1},"1":{"loc":{"start":{"line":1,"column":301},"end":{"line":1,"column":355}},"type":"if","locations":[{"start":{"line":1,"column":301},"end":{"line":1,"column":355}},{"start":{"line":1,"column":301},"end":{"line":1,"column":355}}],"line":1},"2":{"loc":{"start":{"line":1,"column":471},"end":{"line":1,"column":539}},"type":"if","locations":[{"start":{"line":1,"column":471},"end":{"line":1,"column":539}},{"start":{"line":1,"column":471},"end":{"line":1,"column":539}}],"line":1},"3":{"loc":{"start":{"line":1,"column":539},"end":{"line":1,"column":599}},"type":"if","locations":[{"start":{"line":1,"column":539},"end":{"line":1,"column":599}},{"start":{"line":1,"column":539},"end":{"line":1,"column":599}}],"line":1},"4":{"loc":{"start":{"line":1,"column":779},"end":{"line":1,"column":825}},"type":"cond-expr","locations":[{"start":{"line":1,"column":803},"end":{"line":1,"column":806}},{"start":{"line":1,"column":809},"end":{"line":1,"column":825}}],"line":1},"5":{"loc":{"start":{"line":1,"column":779},"end":{"line":1,"column":800}},"type":"binary-expr","locations":[{"start":{"line":1,"column":779},"end":{"line":1,"column":782}},{"start":{"line":1,"column":786},"end":{"line":1,"column":800}}],"line":1},"6":{"loc":{"start":{"line":1,"column":861},"end":{"line":1,"column":1012}},"type":"if","locations":[{"start":{"line":1,"column":861},"end":{"line":1,"column":1012}},{"start":{"line":1,"column":861},"end":{"line":1,"column":1012}}],"line":1},"7":{"loc":{"start":{"line":1,"column":1062},"end":{"line":1,"column":1161}},"type":"if","locations":[{"start":{"line":1,"column":1062},"end":{"line":1,"column":1161}},{"start":{"line":1,"column":1062},"end":{"line":1,"column":1161}}],"line":1},"8":{"loc":{"start":{"line":1,"column":1211},"end":{"line":1,"column":1310}},"type":"if","locations":[{"start":{"line":1,"column":1211},"end":{"line":1,"column":1310}},{"start":{"line":1,"column":1211},"end":{"line":1,"column":1310}}],"line":1},"9":{"loc":{"start":{"line":1,"column":1317},"end":{"line":1,"column":1395}},"type":"cond-expr","locations":[{"start":{"line":1,"column":1384},"end":{"line":1,"column":1388}},{"start":{"line":1,"column":1391},"end":{"line":1,"column":1395}}],"line":1},"10":{"loc":{"start":{"line":1,"column":1317},"end":{"line":1,"column":1381}},"type":"binary-expr","locations":[{"start":{"line":1,"column":1317},"end":{"line":1,"column":1321}},{"start":{"line":1,"column":1326},"end":{"line":1,"column":1350}},{"start":{"line":1,"column":1354},"end":{"line":1,"column":1380}}],"line":1},"11":{"loc":{"start":{"line":1,"column":1439},"end":{"line":1,"column":1602}},"type":"if","locations":[{"start":{"line":1,"column":1439},"end":{"line":1,"column":1602}},{"start":{"line":1,"column":1439},"end":{"line":1,"column":1602}}],"line":1},"12":{"loc":{"start":{"line":1,"column":1443},"end":{"line":1,"column":1498}},"type":"binary-expr","locations":[{"start":{"line":1,"column":1443},"end":{"line":1,"column":1475}},{"start":{"line":1,"column":1479},"end":{"line":1,"column":1498}}],"line":1},"13":{"loc":{"start":{"line":1,"column":1637},"end":{"line":1,"column":1671}},"type":"binary-expr","locations":[{"start":{"line":1,"column":1637},"end":{"line":1,"column":1647}},{"start":{"line":1,"column":1651},"end":{"line":1,"column":1671}}],"line":1},"14":{"loc":{"start":{"line":1,"column":1766},"end":{"line":1,"column":1884}},"type":"if","locations":[{"start":{"line":1,"column":1766},"end":{"line":1,"column":1884}},{"start":{"line":1,"column":1766},"end":{"line":1,"column":1884}}],"line":1},"15":{"loc":{"start":{"line":1,"column":1782},"end":{"line":1,"column":1883}},"type":"cond-expr","locations":[{"start":{"line":1,"column":1806},"end":{"line":1,"column":1849}},{"start":{"line":1,"column":1852},"end":{"line":1,"column":1883}}],"line":1},"16":{"loc":{"start":{"line":4,"column":105},"end":{"line":4,"column":152}},"type":"binary-expr","locations":[{"start":{"line":4,"column":105},"end":{"line":4,"column":120}},{"start":{"line":4,"column":124},"end":{"line":4,"column":152}}],"line":4},"17":{"loc":{"start":{"line":23,"column":6},"end":{"line":23,"column":59}},"type":"binary-expr","locations":[{"start":{"line":23,"column":6},"end":{"line":23,"column":19}},{"start":{"line":23,"column":24},"end":{"line":23,"column":58}}],"line":23},"18":{"loc":{"start":{"line":24,"column":6},"end":{"line":24,"column":53}},"type":"binary-expr","locations":[{"start":{"line":24,"column":6},"end":{"line":24,"column":17}},{"start":{"line":24,"column":22},"end":{"line":24,"column":52}}],"line":24},"19":{"loc":{"start":{"line":25,"column":6},"end":{"line":25,"column":50}},"type":"binary-expr","locations":[{"start":{"line":25,"column":6},"end":{"line":25,"column":16}},{"start":{"line":25,"column":21},"end":{"line":25,"column":49}}],"line":25}},"s":{"0":0,"1":0,"2":0,"3":0,"4":0,"5":0,"6":0,"7":0,"8":0,"9":0,"10":0,"11":0,"12":0,"13":0,"14":0,"15":0,"16":0,"17":0,"18":0,"19":0,"20":0,"21":0,"22":0,"23":0,"24":0,"25":0,"26":0,"27":0,"28":0,"29":0,"30":0,"31":0,"32":0,"33":0,"34":0,"35":0,"36":0,"37":0,"38":0,"39":0,"40":0,"41":0,"42":0,"43":0,"44":0,"45":0,"46":0,"47":0,"48":0,"49":0,"50":0,"51":0,"52":0,"53":0,"54":0,"55":0,"56":0,"57":0,"58":0,"59":0,"60":0,"61":0,"62":0,"63":0},"f":{"0":0,"1":0,"2":0,"3":0,"4":0,"5":0,"6":0,"7":0,"8":0,"9":0,"10":0,"11":0,"12":0,"13":0},"b":{"0":[0,0],"1":[0,0],"2":[0,0],"3":[0,0],"4":[0,0],"5":[0,0],"6":[0,0],"7":[0,0],"8":[0,0],"9":[0,0],"10":[0,0,0],"11":[0,0],"12":[0,0],"13":[0,0],"14":[0,0],"15":[0,0],"16":[0,0],"17":[0,0],"18":[0,0],"19":[0,0]}}
,"/Users/tagawahirotaka/Desktop/ui-components/src/mock/data.js": {"path":"/Users/tagawahirotaka/Desktop/ui-components/src/mock/data.js","statementMap":{"0":{"start":{"line":1,"column":13},"end":{"line":1,"column":75}},"1":{"start":{"line":1,"column":95},"end":{"line":56,"column":25}},"2":{"start":{"line":59,"column":18},"end":{"line":64,"column":26}},"3":{"start":{"line":67,"column":17},"end":{"line":69,"column":28}},"4":{"start":{"line":72,"column":15},"end":{"line":78,"column":26}}},"fnMap":{},"branchMap":{},"s":{"0":0,"1":0,"2":0,"3":0,"4":0},"f":{},"b":{}}
,"/Users/tagawahirotaka/Desktop/ui-components/src/mock/http.js": {"path":"/Users/tagawahirotaka/Desktop/ui-components/src/mock/http.js","statementMap":{"0":{"start":{"line":1,"column":13},"end":{"line":1,"column":75}},"1":{"start":{"line":1,"column":87},"end":{"line":1,"column":107}},"2":{"start":{"line":1,"column":140},"end":{"line":1,"column":540}},"3":{"start":{"line":1,"column":170},"end":{"line":1,"column":195}},"4":{"start":{"line":1,"column":196},"end":{"line":1,"column":538}},"5":{"start":{"line":1,"column":268},"end":{"line":1,"column":360}},"6":{"start":{"line":1,"column":284},"end":{"line":1,"column":297}},"7":{"start":{"line":1,"column":310},"end":{"line":1,"column":320}},"8":{"start":{"line":1,"column":338},"end":{"line":1,"column":352}},"9":{"start":{"line":1,"column":352},"end":{"line":1,"column":359}},"10":{"start":{"line":1,"column":360},"end":{"line":1,"column":514}},"11":{"start":{"line":1,"column":376},"end":{"line":1,"column":391}},"12":{"start":{"line":1,"column":399},"end":{"line":1,"column":513}},"13":{"start":{"line":1,"column":452},"end":{"line":1,"column":472}},"14":{"start":{"line":1,"column":491},"end":{"line":1,"column":510}},"15":{"start":{"line":1,"column":515},"end":{"line":1,"column":535}},"16":{"start":{"line":1,"column":541},"end":{"line":28,"column":6}},"17":{"start":{"line":8,"column":43},"end":{"line":8,"column":47}},"18":{"start":{"line":8,"column":48},"end":{"line":17,"column":86}},"19":{"start":{"line":8,"column":131},"end":{"line":17,"column":80}},"20":{"start":{"line":8,"column":191},"end":{"line":17,"column":61}},"21":{"start":{"line":8,"column":202},"end":{"line":17,"column":60}},"22":{"start":{"line":8,"column":249},"end":{"line":9,"column":23}},"23":{"start":{"line":9,"column":23},"end":{"line":10,"column":34}},"24":{"start":{"line":10,"column":34},"end":{"line":10,"column":40}},"25":{"start":{"line":10,"column":47},"end":{"line":14,"column":48}},"26":{"start":{"line":14,"column":55},"end":{"line":17,"column":18}},"27":{"start":{"line":17,"column":36},"end":{"line":17,"column":59}},"28":{"start":{"line":21,"column":51},"end":{"line":21,"column":55}},"29":{"start":{"line":21,"column":56},"end":{"line":26,"column":89}},"30":{"start":{"line":21,"column":140},"end":{"line":26,"column":83}},"31":{"start":{"line":21,"column":202},"end":{"line":26,"column":62}},"32":{"start":{"line":21,"column":213},"end":{"line":26,"column":61}},"33":{"start":{"line":21,"column":262},"end":{"line":22,"column":23}},"34":{"start":{"line":22,"column":23},"end":{"line":23,"column":34}},"35":{"start":{"line":23,"column":34},"end":{"line":23,"column":40}},"36":{"start":{"line":23,"column":47},"end":{"line":24,"column":18}},"37":{"start":{"line":24,"column":25},"end":{"line":26,"column":18}},"38":{"start":{"line":26,"column":36},"end":{"line":26,"column":60}},"39":{"start":{"line":28,"column":6},"end":{"line":28,"column":42}}},"fnMap":{"0":{"name":"_asyncToGenerator","decl":{"start":{"line":1,"column":117},"end":{"line":1,"column":134}},"loc":{"start":{"line":1,"column":139},"end":{"line":1,"column":541}},"line":1},"1":{"name":"(anonymous_1)","decl":{"start":{"line":1,"column":147},"end":{"line":1,"column":148}},"loc":{"start":{"line":1,"column":159},"end":{"line":1,"column":539}},"line":1},"2":{"name":"(anonymous_2)","decl":{"start":{"line":1,"column":215},"end":{"line":1,"column":216}},"loc":{"start":{"line":1,"column":242},"end":{"line":1,"column":536}},"line":1},"3":{"name":"step","decl":{"start":{"line":1,"column":252},"end":{"line":1,"column":256}},"loc":{"start":{"line":1,"column":267},"end":{"line":1,"column":515}},"line":1},"4":{"name":"(anonymous_4)","decl":{"start":{"line":1,"column":434},"end":{"line":1,"column":435}},"loc":{"start":{"line":1,"column":451},"end":{"line":1,"column":473}},"line":1},"5":{"name":"(anonymous_5)","decl":{"start":{"line":1,"column":475},"end":{"line":1,"column":476}},"loc":{"start":{"line":1,"column":490},"end":{"line":1,"column":511}},"line":1},"6":{"name":"get","decl":{"start":{"line":8,"column":16},"end":{"line":8,"column":19}},"loc":{"start":{"line":8,"column":30},"end":{"line":19,"column":3}},"line":8},"7":{"name":"_callee","decl":{"start":{"line":8,"column":120},"end":{"line":8,"column":127}},"loc":{"start":{"line":8,"column":130},"end":{"line":17,"column":81}},"line":8},"8":{"name":"_callee$","decl":{"start":{"line":8,"column":171},"end":{"line":8,"column":179}},"loc":{"start":{"line":8,"column":190},"end":{"line":17,"column":62}},"line":8},"9":{"name":"_delete","decl":{"start":{"line":21,"column":19},"end":{"line":21,"column":26}},"loc":{"start":{"line":21,"column":37},"end":{"line":28,"column":3}},"line":21},"10":{"name":"_callee2","decl":{"start":{"line":21,"column":128},"end":{"line":21,"column":136}},"loc":{"start":{"line":21,"column":139},"end":{"line":26,"column":84}},"line":21},"11":{"name":"_callee2$","decl":{"start":{"line":21,"column":180},"end":{"line":21,"column":189}},"loc":{"start":{"line":21,"column":201},"end":{"line":26,"column":63}},"line":21}},"branchMap":{"0":{"loc":{"start":{"line":1,"column":360},"end":{"line":1,"column":514}},"type":"if","locations":[{"start":{"line":1,"column":360},"end":{"line":1,"column":514}},{"start":{"line":1,"column":360},"end":{"line":1,"column":514}}],"line":1},"1":{"loc":{"start":{"line":8,"column":202},"end":{"line":17,"column":60}},"type":"switch","locations":[{"start":{"line":8,"column":242},"end":{"line":10,"column":40}},{"start":{"line":10,"column":40},"end":{"line":14,"column":48}},{"start":{"line":14,"column":48},"end":{"line":17,"column":18}},{"start":{"line":17,"column":18},"end":{"line":17,"column":25}},{"start":{"line":17,"column":25},"end":{"line":17,"column":59}}],"line":8},"2":{"loc":{"start":{"line":9,"column":39},"end":{"line":10,"column":33}},"type":"cond-expr","locations":[{"start":{"line":10,"column":28},"end":{"line":10,"column":29}},{"start":{"line":10,"column":32},"end":{"line":10,"column":33}}],"line":9},"3":{"loc":{"start":{"line":21,"column":213},"end":{"line":26,"column":61}},"type":"switch","locations":[{"start":{"line":21,"column":255},"end":{"line":23,"column":40}},{"start":{"line":23,"column":40},"end":{"line":24,"column":18}},{"start":{"line":24,"column":18},"end":{"line":26,"column":18}},{"start":{"line":26,"column":18},"end":{"line":26,"column":25}},{"start":{"line":26,"column":25},"end":{"line":26,"column":60}}],"line":21},"4":{"loc":{"start":{"line":22,"column":40},"end":{"line":23,"column":33}},"type":"cond-expr","locations":[{"start":{"line":23,"column":28},"end":{"line":23,"column":29}},{"start":{"line":23,"column":32},"end":{"line":23,"column":33}}],"line":22}},"s":{"0":0,"1":0,"2":0,"3":0,"4":0,"5":0,"6":0,"7":0,"8":0,"9":0,"10":0,"11":0,"12":0,"13":0,"14":0,"15":0,"16":0,"17":0,"18":0,"19":0,"20":0,"21":0,"22":0,"23":0,"24":0,"25":0,"26":0,"27":0,"28":0,"29":0,"30":0,"31":0,"32":0,"33":0,"34":0,"35":0,"36":0,"37":0,"38":0,"39":0},"f":{"0":0,"1":0,"2":0,"3":0,"4":0,"5":0,"6":0,"7":0,"8":0,"9":0,"10":0,"11":0},"b":{"0":[0,0],"1":[0,0,0,0,0],"2":[0,0],"3":[0,0,0,0,0],"4":[0,0]}}
}
