TN:
SF:/Users/tagawahirotaka/Desktop/ui-components/src/client.js
FN:3,_interopRequireDefault
FNF:1
FNH:0
FNDA:0,_interopRequireDefault
DA:1,0
DA:2,0
DA:3,0
DA:5,0
LF:4
LH:0
BRDA:3,0,0,0
BRDA:3,0,1,0
BRDA:3,1,0,0
BRDA:3,1,1,0
BRF:4
BRH:0
end_of_record
TN:
SF:/Users/tagawahirotaka/Desktop/ui-components/src/components/atoms/Anchor/index.js
FN:1,_interopRequireDefault
FN:1,_objectWithoutProperties
FN:3,Anchor
FNF:3
FNH:0
FNDA:0,_interopRequireDefault
FNDA:0,_objectWithoutProperties
FNDA:0,Anchor
DA:1,0
DA:3,0
DA:4,0
DA:6,0
LF:4
LH:0
BRDA:1,0,0,0
BRDA:1,0,1,0
BRDA:1,1,0,0
BRDA:1,1,1,0
BRDA:1,2,0,0
BRDA:1,2,1,0
BRDA:1,3,0,0
BRDA:1,3,1,0
BRF:8
BRH:0
end_of_record
TN:
SF:/Users/tagawahirotaka/Desktop/ui-components/src/components/atoms/Balloon/index.js
FN:1,(anonymous_0)
FN:3,_interopRequireDefault
FN:3,_objectWithoutProperties
FN:5,Balloon
FN:12,BalloonTip
FNF:5
FNH:0
FNDA:0,(anonymous_0)
FNDA:0,_interopRequireDefault
FNDA:0,_objectWithoutProperties
FNDA:0,Balloon
FNDA:0,BalloonTip
DA:1,0
DA:2,0
DA:3,0
DA:5,0
DA:7,0
DA:12,0
DA:15,0
LF:7
LH:0
BRDA:1,0,0,0
BRDA:1,0,1,0
BRDA:1,1,0,0
BRDA:1,1,1,0
BRDA:3,2,0,0
BRDA:3,2,1,0
BRDA:3,3,0,0
BRDA:3,3,1,0
BRDA:3,4,0,0
BRDA:3,4,1,0
BRDA:3,5,0,0
BRDA:3,5,1,0
BRF:12
BRH:0
end_of_record
TN:
SF:/Users/tagawahirotaka/Desktop/ui-components/src/components/atoms/Button/index.js
FN:1,(anonymous_0)
FN:2,_interopRequireDefault
FN:2,_objectWithoutProperties
FN:4,buttonFactory
FN:5,(anonymous_4)
FNF:5
FNH:0
FNDA:0,(anonymous_0)
FNDA:0,_interopRequireDefault
FNDA:0,_objectWithoutProperties
FNDA:0,buttonFactory
FNDA:0,(anonymous_4)
DA:1,0
DA:2,0
DA:5,0
DA:10,0
DA:11,0
DA:12,0
LF:6
LH:0
BRDA:1,0,0,0
BRDA:1,0,1,0
BRDA:1,1,0,0
BRDA:1,1,1,0
BRDA:2,2,0,0
BRDA:2,2,1,0
BRDA:2,3,0,0
BRDA:2,3,1,0
BRDA:2,4,0,0
BRDA:2,4,1,0
BRDA:2,5,0,0
BRDA:2,5,1,0
BRF:12
BRH:0
end_of_record
TN:
SF:/Users/tagawahirotaka/Desktop/ui-components/src/components/atoms/Heading/index.js
FN:1,(anonymous_0)
FN:3,_interopRequireDefault
FN:3,_objectWithoutProperties
FN:5,HeadingPresenter
FN:14,HeadingUnderlinedPresenter
FN:23,HeadingContainer
FNF:6
FNH:0
FNDA:0,(anonymous_0)
FNDA:0,_interopRequireDefault
FNDA:0,_objectWithoutProperties
FNDA:0,HeadingPresenter
FNDA:0,HeadingUnderlinedPresenter
FNDA:0,HeadingContainer
DA:1,0
DA:2,0
DA:3,0
DA:5,0
DA:6,0
DA:7,0
DA:8,0
DA:9,0
DA:11,0
DA:14,0
DA:15,0
DA:16,0
DA:17,0
DA:18,0
DA:20,0
DA:23,0
DA:28,0
DA:29,0
DA:30,0
DA:31,0
DA:33,0
DA:34,0
DA:36,0
DA:39,0
LF:24
LH:0
BRDA:1,0,0,0
BRDA:1,0,1,0
BRDA:1,1,0,0
BRDA:1,1,1,0
BRDA:3,2,0,0
BRDA:3,2,1,0
BRDA:3,3,0,0
BRDA:3,3,1,0
BRDA:3,4,0,0
BRDA:3,4,1,0
BRDA:3,5,0,0
BRDA:3,5,1,0
BRDA:28,6,0,0
BRDA:28,6,1,0
BRDA:30,7,0,0
BRDA:30,7,1,0
BRF:16
BRH:0
end_of_record
TN:
SF:/Users/tagawahirotaka/Desktop/ui-components/src/components/atoms/HolyGrailLayout/index.js
FN:1,(anonymous_0)
FN:3,_interopRequireDefault
FN:3,_objectWithoutProperties
FN:5,HolyGrailLayoutPresenter
FN:20,HolyGrailLayoutContainer
FN:33,mapParts
FN:35,(anonymous_6)
FN:47,HolyGrailTop
FN:48,HolyGrailBottom
FN:49,HolyGrailMain
FN:50,HolyGrailLeft
FN:51,HolyGrailRight
FNF:12
FNH:0
FNDA:0,(anonymous_0)
FNDA:0,_interopRequireDefault
FNDA:0,_objectWithoutProperties
FNDA:0,HolyGrailLayoutPresenter
FNDA:0,HolyGrailLayoutContainer
FNDA:0,mapParts
FNDA:0,(anonymous_6)
FNDA:0,HolyGrailTop
FNDA:0,HolyGrailBottom
FNDA:0,HolyGrailMain
FNDA:0,HolyGrailLeft
FNDA:0,HolyGrailRight
DA:1,0
DA:2,0
DA:3,0
DA:5,0
DA:6,0
DA:7,0
DA:18,0
DA:20,0
DA:21,0
DA:22,0
DA:25,0
DA:34,0
DA:35,0
DA:36,0
DA:37,0
DA:38,0
DA:40,0
DA:41,0
DA:44,0
DA:47,0
DA:48,0
DA:49,0
DA:50,0
DA:51,0
LF:24
LH:0
BRDA:1,0,0,0
BRDA:1,0,1,0
BRDA:1,1,0,0
BRDA:1,1,1,0
BRDA:3,2,0,0
BRDA:3,2,1,0
BRDA:3,3,0,0
BRDA:3,3,1,0
BRDA:3,4,0,0
BRDA:3,4,1,0
BRDA:3,5,0,0
BRDA:3,5,1,0
BRDA:5,6,0,0
BRDA:5,6,1,0
BRDA:37,7,0,0
BRDA:37,7,1,0
BRF:16
BRH:0
end_of_record
TN:
SF:/Users/tagawahirotaka/Desktop/ui-components/src/components/atoms/HoverTipInteraction/index.js
FN:1,(anonymous_0)
FN:3,_interopRequireDefault
FN:3,_objectWithoutProperties
FN:5,HoverTipInteractionPresenter
FN:11,HoverTipInteractionContainer
FN:12,(anonymous_5)
FN:33,Tip
FN:34,Marker
FNF:8
FNH:0
FNDA:0,(anonymous_0)
FNDA:0,_interopRequireDefault
FNDA:0,_objectWithoutProperties
FNDA:0,HoverTipInteractionPresenter
FNDA:0,HoverTipInteractionContainer
FNDA:0,(anonymous_5)
FNDA:0,Tip
FNDA:0,Marker
DA:1,0
DA:2,0
DA:3,0
DA:5,0
DA:7,0
DA:11,0
DA:12,0
DA:13,0
DA:14,0
DA:15,0
DA:18,0
DA:19,0
DA:20,0
DA:24,0
DA:26,0
DA:29,0
DA:33,0
DA:34,0
LF:18
LH:0
BRDA:1,0,0,0
BRDA:1,0,1,0
BRDA:1,1,0,0
BRDA:1,1,1,0
BRDA:3,2,0,0
BRDA:3,2,1,0
BRDA:3,3,0,0
BRDA:3,3,1,0
BRDA:3,4,0,0
BRDA:3,4,1,0
BRDA:3,5,0,0
BRDA:3,5,1,0
BRDA:13,6,0,0
BRDA:13,6,1,0
BRDA:18,7,0,0
BRDA:18,7,1,0
BRF:16
BRH:0
end_of_record
TN:
SF:/Users/tagawahirotaka/Desktop/ui-components/src/components/atoms/Icon/index.js
FN:1,(anonymous_0)
FN:2,_interopRequireDefault
FN:2,_objectWithoutProperties
FN:4,IconPresenter
FN:19,IconContainer
FN:29,iconFactory
FN:29,(anonymous_6)
FN:31,presenter
FNF:8
FNH:0
FNDA:0,(anonymous_0)
FNDA:0,_interopRequireDefault
FNDA:0,_objectWithoutProperties
FNDA:0,IconPresenter
FNDA:0,IconContainer
FNDA:0,iconFactory
FNDA:0,(anonymous_6)
FNDA:0,presenter
DA:1,0
DA:2,0
DA:4,0
DA:5,0
DA:6,0
DA:7,0
DA:8,0
DA:15,0
DA:19,0
DA:24,0
DA:25,0
DA:26,0
DA:27,0
DA:29,0
DA:31,0
DA:36,0
DA:37,0
DA:38,0
DA:39,0
LF:19
LH:0
BRDA:1,0,0,0
BRDA:1,0,1,0
BRDA:1,1,0,0
BRDA:1,1,1,0
BRDA:2,2,0,0
BRDA:2,2,1,0
BRDA:2,3,0,0
BRDA:2,3,1,0
BRDA:2,4,0,0
BRDA:2,4,1,0
BRDA:2,5,0,0
BRDA:2,5,1,0
BRDA:6,6,0,0
BRDA:6,6,1,0
BRDA:7,7,0,0
BRDA:7,7,1,0
BRDA:24,8,0,0
BRDA:24,8,1,0
BRDA:25,9,0,0
BRDA:25,9,1,0
BRF:20
BRH:0
end_of_record
TN:
SF:/Users/tagawahirotaka/Desktop/ui-components/src/components/atoms/Img/index.js
FN:1,_interopRequireDefault
FN:3,Img
FNF:2
FNH:0
FNDA:0,_interopRequireDefault
FNDA:0,Img
DA:1,0
DA:3,0
DA:5,0
LF:3
LH:0
BRDA:1,0,0,0
BRDA:1,0,1,0
BRDA:1,1,0,0
BRDA:1,1,1,0
BRF:4
BRH:0
end_of_record
TN:
SF:/Users/tagawahirotaka/Desktop/ui-components/src/components/atoms/MediaObjectLayout/index.js
FN:2,_interopRequireDefault
FN:4,MediaObjectLayout
FNF:2
FNH:0
FNDA:0,_interopRequireDefault
FNDA:0,MediaObjectLayout
DA:1,0
DA:2,0
DA:4,0
DA:7,0
DA:11,0
LF:5
LH:0
BRDA:2,0,0,0
BRDA:2,0,1,0
BRDA:2,1,0,0
BRDA:2,1,1,0
BRDA:4,2,0,0
BRDA:4,2,1,0
BRF:6
BRH:0
end_of_record
TN:
SF:/Users/tagawahirotaka/Desktop/ui-components/src/components/atoms/StickyHeaderLayout/index.js
FN:2,_interopRequireDefault
FN:2,_objectWithoutProperties
FN:4,StickyHeaderLayout
FNF:3
FNH:0
FNDA:0,_interopRequireDefault
FNDA:0,_objectWithoutProperties
FNDA:0,StickyHeaderLayout
DA:1,0
DA:2,0
DA:4,0
DA:7,0
DA:11,0
LF:5
LH:0
BRDA:2,0,0,0
BRDA:2,0,1,0
BRDA:2,1,0,0
BRDA:2,1,1,0
BRDA:2,2,0,0
BRDA:2,2,1,0
BRDA:2,3,0,0
BRDA:2,3,1,0
BRDA:4,4,0,0
BRDA:4,4,1,0
BRF:10
BRH:0
end_of_record
TN:
SF:/Users/tagawahirotaka/Desktop/ui-components/src/components/atoms/TextBox/index.js
FN:1,(anonymous_0)
FN:2,_interopRequireDefault
FN:2,_objectWithoutProperties
FN:4,TextBox
FNF:4
FNH:0
FNDA:0,(anonymous_0)
FNDA:0,_interopRequireDefault
FNDA:0,_objectWithoutProperties
FNDA:0,TextBox
DA:1,0
DA:2,0
DA:4,0
DA:5,0
DA:8,0
LF:5
LH:0
BRDA:1,0,0,0
BRDA:1,0,1,0
BRDA:1,1,0,0
BRDA:1,1,1,0
BRDA:2,2,0,0
BRDA:2,2,1,0
BRDA:2,3,0,0
BRDA:2,3,1,0
BRDA:2,4,0,0
BRDA:2,4,1,0
BRDA:2,5,0,0
BRDA:2,5,1,0
BRF:12
BRH:0
end_of_record
TN:
SF:/Users/tagawahirotaka/Desktop/ui-components/src/components/atoms/Time/index.js
FN:1,(anonymous_0)
FN:4,_interopRequireDefault
FN:4,_objectWithoutProperties
FN:6,TimePresenter
FN:8,TimeContainer
FN:36,isValid
FN:40,formatDatetime
FNF:7
FNH:0
FNDA:0,(anonymous_0)
FNDA:0,_interopRequireDefault
FNDA:0,_objectWithoutProperties
FNDA:0,TimePresenter
FNDA:0,TimeContainer
FNDA:0,isValid
FNDA:0,formatDatetime
DA:1,0
DA:2,0
DA:3,0
DA:4,0
DA:6,0
DA:8,0
DA:14,0
DA:15,0
DA:18,0
DA:19,0
DA:21,0
DA:24,0
DA:25,0
DA:28,0
DA:29,0
DA:31,0
DA:34,0
DA:37,0
DA:40,0
DA:41,0
LF:20
LH:0
BRDA:1,0,0,0
BRDA:1,0,1,0
BRDA:1,1,0,0
BRDA:1,1,1,0
BRDA:4,2,0,0
BRDA:4,2,1,0
BRDA:4,3,0,0
BRDA:4,3,1,0
BRDA:4,4,0,0
BRDA:4,4,1,0
BRDA:4,5,0,0
BRDA:4,5,1,0
BRDA:14,6,0,0
BRDA:14,6,1,0
BRDA:18,7,0,0
BRDA:18,7,1,0
BRDA:24,8,0,0
BRDA:24,8,1,0
BRDA:40,9,0,0
BRDA:40,9,1,0
BRDA:40,10,0,0
BRDA:40,10,1,0
BRF:22
BRH:0
end_of_record
TN:
SF:/Users/tagawahirotaka/Desktop/ui-components/src/components/atoms/Txt/index.js
FN:1,(anonymous_0)
FN:2,_interopRequireDefault
FN:2,_objectWithoutProperties
FN:4,txtFactory
FN:4,(anonymous_4)
FNF:5
FNH:0
FNDA:0,(anonymous_0)
FNDA:0,_interopRequireDefault
FNDA:0,_objectWithoutProperties
FNDA:0,txtFactory
FNDA:0,(anonymous_4)
DA:1,0
DA:2,0
DA:4,0
DA:8,0
DA:11,0
DA:12,0
DA:13,0
LF:7
LH:0
BRDA:1,0,0,0
BRDA:1,0,1,0
BRDA:1,1,0,0
BRDA:1,1,1,0
BRDA:2,2,0,0
BRDA:2,2,1,0
BRDA:2,3,0,0
BRDA:2,3,1,0
BRDA:2,4,0,0
BRDA:2,4,1,0
BRDA:2,5,0,0
BRDA:2,5,1,0
BRDA:4,6,0,0
BRDA:4,6,1,0
BRDA:4,7,0,0
BRDA:4,7,1,0
BRF:16
BRH:0
end_of_record
TN:
SF:/Users/tagawahirotaka/Desktop/ui-components/src/components/molecules/Breadcrumb/index.js
FN:4,_interopRequireDefault
FN:8,Breadcrumb
FN:10,(anonymous_2)
FNF:3
FNH:0
FNDA:0,_interopRequireDefault
FNDA:0,Breadcrumb
FNDA:0,(anonymous_2)
DA:1,0
DA:2,0
DA:3,0
DA:4,0
DA:6,0
DA:8,0
DA:10,0
DA:12,0
DA:17,0
LF:9
LH:0
BRDA:4,0,0,0
BRDA:4,0,1,0
BRDA:4,1,0,0
BRDA:4,1,1,0
BRDA:8,2,0,0
BRDA:8,2,1,0
BRDA:12,3,0,0
BRDA:12,3,1,0
BRF:8
BRH:0
end_of_record
TN:
SF:/Users/tagawahirotaka/Desktop/ui-components/src/components/molecules/DeleteButton/index.js
FN:1,(anonymous_0)
FN:5,_interopRequireDefault
FN:5,_objectWithoutProperties
FN:7,DeleteButton
FNF:4
FNH:0
FNDA:0,(anonymous_0)
FNDA:0,_interopRequireDefault
FNDA:0,_objectWithoutProperties
FNDA:0,DeleteButton
DA:1,0
DA:2,0
DA:3,0
DA:4,0
DA:5,0
DA:7,0
DA:10,0
DA:14,0
LF:8
LH:0
BRDA:1,0,0,0
BRDA:1,0,1,0
BRDA:1,1,0,0
BRDA:1,1,1,0
BRDA:5,2,0,0
BRDA:5,2,1,0
BRDA:5,3,0,0
BRDA:5,3,1,0
BRDA:5,4,0,0
BRDA:5,4,1,0
BRDA:5,5,0,0
BRDA:5,5,1,0
BRF:12
BRH:0
end_of_record
TN:
SF:/Users/tagawahirotaka/Desktop/ui-components/src/components/molecules/MailAuthForm/index.js
FN:4,_interopRequireDefault
FN:4,_objectWithoutProperties
FN:6,MailAuthForm
FNF:3
FNH:0
FNDA:0,_interopRequireDefault
FNDA:0,_objectWithoutProperties
FNDA:0,MailAuthForm
DA:1,0
DA:2,0
DA:3,0
DA:4,0
DA:6,0
DA:11,0
DA:16,0
LF:7
LH:0
BRDA:4,0,0,0
BRDA:4,0,1,0
BRDA:4,1,0,0
BRDA:4,1,1,0
BRDA:4,2,0,0
BRDA:4,2,1,0
BRDA:4,3,0,0
BRDA:4,3,1,0
BRF:8
BRH:0
end_of_record
TN:
SF:/Users/tagawahirotaka/Desktop/ui-components/src/components/molecules/Navigation/index.js
FN:3,_interopRequireDefault
FN:3,_objectWithoutProperties
FN:5,Navigation
FN:8,(anonymous_3)
FNF:4
FNH:0
FNDA:0,_interopRequireDefault
FNDA:0,_objectWithoutProperties
FNDA:0,Navigation
FNDA:0,(anonymous_3)
DA:1,0
DA:2,0
DA:3,0
DA:5,0
DA:8,0
DA:13,0
DA:20,0
LF:7
LH:0
BRDA:3,0,0,0
BRDA:3,0,1,0
BRDA:3,1,0,0
BRDA:3,1,1,0
BRDA:3,2,0,0
BRDA:3,2,1,0
BRDA:3,3,0,0
BRDA:3,3,1,0
BRDA:10,4,0,0
BRDA:10,4,1,0
BRF:10
BRH:0
end_of_record
TN:
SF:/Users/tagawahirotaka/Desktop/ui-components/src/components/organisms/Header/index.js
FN:1,(anonymous_0)
FN:3,_interopRequireDefault
FN:3,_objectWithoutProperties
FN:5,Header
FNF:4
FNH:0
FNDA:0,(anonymous_0)
FNDA:0,_interopRequireDefault
FNDA:0,_objectWithoutProperties
FNDA:0,Header
DA:1,0
DA:2,0
DA:3,0
DA:5,0
DA:7,0
DA:10,0
LF:6
LH:0
BRDA:1,0,0,0
BRDA:1,0,1,0
BRDA:1,1,0,0
BRDA:1,1,1,0
BRDA:3,2,0,0
BRDA:3,2,1,0
BRDA:3,3,0,0
BRDA:3,3,1,0
BRDA:3,4,0,0
BRDA:3,4,1,0
BRDA:3,5,0,0
BRDA:3,5,1,0
BRF:12
BRH:0
end_of_record
TN:
SF:/Users/tagawahirotaka/Desktop/ui-components/src/components/organisms/Notification/index.js
FN:1,(anonymous_0)
FN:1,(anonymous_1)
FN:1,defineProperties
FN:1,(anonymous_3)
FN:9,_interopRequireDefault
FN:9,_objectWithoutProperties
FN:9,_classCallCheck
FN:9,_possibleConstructorReturn
FN:9,_inherits
FN:11,(anonymous_9)
FN:12,NotificationContainer
FN:15,render
FN:22,onClickDelete
FN:30,NotificationPresenter
FNF:14
FNH:0
FNDA:0,(anonymous_0)
FNDA:0,(anonymous_1)
FNDA:0,defineProperties
FNDA:0,(anonymous_3)
FNDA:0,_interopRequireDefault
FNDA:0,_objectWithoutProperties
FNDA:0,_classCallCheck
FNDA:0,_possibleConstructorReturn
FNDA:0,_inherits
FNDA:0,(anonymous_9)
FNDA:0,NotificationContainer
FNDA:0,render
FNDA:0,onClickDelete
FNDA:0,NotificationPresenter
DA:1,0
DA:2,0
DA:3,0
DA:4,0
DA:5,0
DA:6,0
DA:7,0
DA:8,0
DA:9,0
DA:11,0
DA:12,0
DA:14,0
DA:15,0
DA:18,0
DA:19,0
DA:20,0
DA:21,0
DA:25,0
DA:26,0
DA:27,0
DA:30,0
DA:31,0
DA:32,0
DA:33,0
DA:34,0
DA:44,0
DA:48,0
LF:27
LH:0
BRDA:1,0,0,0
BRDA:1,0,1,0
BRDA:1,1,0,0
BRDA:1,1,1,0
BRDA:1,2,0,0
BRDA:1,2,1,0
BRDA:1,3,0,0
BRDA:1,3,1,0
BRDA:1,4,0,0
BRDA:1,4,1,0
BRDA:1,5,0,0
BRDA:1,5,1,0
BRDA:9,6,0,0
BRDA:9,6,1,0
BRDA:9,7,0,0
BRDA:9,7,1,0
BRDA:9,8,0,0
BRDA:9,8,1,0
BRDA:9,9,0,0
BRDA:9,9,1,0
BRDA:9,10,0,0
BRDA:9,10,1,0
BRDA:9,11,0,0
BRDA:9,11,1,0
BRDA:9,12,0,0
BRDA:9,12,1,0
BRDA:9,13,0,0
BRDA:9,13,1,0
BRDA:9,13,2,0
BRDA:9,14,0,0
BRDA:9,14,1,0
BRDA:9,15,0,0
BRDA:9,15,1,0
BRDA:9,16,0,0
BRDA:9,16,1,0
BRDA:9,17,0,0
BRDA:9,17,1,0
BRDA:9,18,0,0
BRDA:9,18,1,0
BRDA:12,19,0,0
BRDA:12,19,1,0
BRDA:19,20,0,0
BRDA:19,20,1,0
BRF:43
BRH:0
end_of_record
TN:
SF:/Users/tagawahirotaka/Desktop/ui-components/src/components/organisms/NotificationList/index.js
FN:3,_interopRequireDefault
FN:3,_objectWithoutProperties
FN:5,NotificationList
FN:11,(anonymous_3)
FNF:4
FNH:0
FNDA:0,_interopRequireDefault
FNDA:0,_objectWithoutProperties
FNDA:0,NotificationList
FNDA:0,(anonymous_3)
DA:1,0
DA:2,0
DA:3,0
DA:5,0
DA:6,0
DA:7,0
DA:8,0
DA:11,0
DA:16,0
DA:21,0
LF:10
LH:0
BRDA:3,0,0,0
BRDA:3,0,1,0
BRDA:3,1,0,0
BRDA:3,1,1,0
BRDA:3,2,0,0
BRDA:3,2,1,0
BRDA:3,3,0,0
BRDA:3,3,1,0
BRF:8
BRH:0
end_of_record
TN:
SF:/Users/tagawahirotaka/Desktop/ui-components/src/components/organisms/PageHeader/index.js
FN:1,(anonymous_0)
FN:3,_interopRequireDefault
FN:3,_objectWithoutProperties
FN:5,PageHeader
FNF:4
FNH:0
FNDA:0,(anonymous_0)
FNDA:0,_interopRequireDefault
FNDA:0,_objectWithoutProperties
FNDA:0,PageHeader
DA:1,0
DA:2,0
DA:3,0
DA:5,0
DA:7,0
DA:10,0
LF:6
LH:0
BRDA:1,0,0,0
BRDA:1,0,1,0
BRDA:1,1,0,0
BRDA:1,1,1,0
BRDA:3,2,0,0
BRDA:3,2,1,0
BRDA:3,3,0,0
BRDA:3,3,1,0
BRDA:3,4,0,0
BRDA:3,4,1,0
BRDA:3,5,0,0
BRDA:3,5,1,0
BRF:12
BRH:0
end_of_record
TN:
SF:/Users/tagawahirotaka/Desktop/ui-components/src/components/pages/NotificationListPage.js
FN:1,(anonymous_0)
FN:1,defineProperties
FN:1,(anonymous_2)
FN:5,_interopRequireDefault
FN:5,_classCallCheck
FN:5,_possibleConstructorReturn
FN:5,_inherits
FN:11,(anonymous_7)
FN:12,NotificationListPage
FN:17,componentWillMount
FN:21,componentWillUnmount
FN:25,render
FN:38,onChange
FN:42,onClickDeleteNotification
FNF:14
FNH:0
FNDA:0,(anonymous_0)
FNDA:0,defineProperties
FNDA:0,(anonymous_2)
FNDA:0,_interopRequireDefault
FNDA:0,_classCallCheck
FNDA:0,_possibleConstructorReturn
FNDA:0,_inherits
FNDA:0,(anonymous_7)
FNDA:0,NotificationListPage
FNDA:0,componentWillMount
FNDA:0,componentWillUnmount
FNDA:0,render
FNDA:0,onChange
FNDA:0,onClickDeleteNotification
DA:1,0
DA:2,0
DA:3,0
DA:4,0
DA:5,0
DA:7,0
DA:8,0
DA:9,0
DA:11,0
DA:12,0
DA:14,0
DA:15,0
DA:16,0
DA:17,0
DA:20,0
DA:24,0
DA:28,0
DA:29,0
DA:30,0
DA:41,0
DA:45,0
DA:46,0
LF:22
LH:0
BRDA:1,0,0,0
BRDA:1,0,1,0
BRDA:1,1,0,0
BRDA:1,1,1,0
BRDA:1,2,0,0
BRDA:1,2,1,0
BRDA:1,3,0,0
BRDA:1,3,1,0
BRDA:5,4,0,0
BRDA:5,4,1,0
BRDA:5,5,0,0
BRDA:5,5,1,0
BRDA:5,6,0,0
BRDA:5,6,1,0
BRDA:5,7,0,0
BRDA:5,7,1,0
BRDA:5,8,0,0
BRDA:5,8,1,0
BRDA:5,9,0,0
BRDA:5,9,1,0
BRDA:5,9,2,0
BRDA:5,10,0,0
BRDA:5,10,1,0
BRDA:5,11,0,0
BRDA:5,11,1,0
BRDA:5,12,0,0
BRDA:5,12,1,0
BRDA:5,13,0,0
BRDA:5,13,1,0
BRDA:5,14,0,0
BRDA:5,14,1,0
BRDA:12,15,0,0
BRDA:12,15,1,0
BRF:33
BRH:0
end_of_record
TN:
SF:/Users/tagawahirotaka/Desktop/ui-components/src/components/templates/NotificationListTemplate/index.js
FN:6,_interopRequireDefault
FN:8,NotificationListTemplate
FNF:2
FNH:0
FNDA:0,_interopRequireDefault
FNDA:0,NotificationListTemplate
DA:1,0
DA:2,0
DA:3,0
DA:4,0
DA:5,0
DA:6,0
DA:8,0
DA:16,0
DA:22,0
LF:9
LH:0
BRDA:6,0,0,0
BRDA:6,0,1,0
BRDA:6,1,0,0
BRDA:6,1,1,0
BRF:4
BRH:0
end_of_record
TN:
SF:/Users/tagawahirotaka/Desktop/ui-components/src/components/utils/HoC.js
FN:1,(anonymous_0)
FN:3,_interopRequireDefault
FN:3,containPresenter
FN:4,(anonymous_3)
FN:5,presenter
FNF:5
FNH:0
FNDA:0,(anonymous_0)
FNDA:0,_interopRequireDefault
FNDA:0,containPresenter
FNDA:0,(anonymous_3)
FNDA:0,presenter
DA:1,0
DA:3,0
DA:4,0
DA:5,0
LF:4
LH:0
BRDA:1,0,0,0
BRDA:1,0,1,0
BRDA:1,1,0,0
BRDA:1,1,1,0
BRDA:3,2,0,0
BRDA:3,2,1,0
BRDA:3,3,0,0
BRDA:3,3,1,0
BRF:8
BRH:0
end_of_record
TN:
SF:/Users/tagawahirotaka/Desktop/ui-components/src/components/utils/decorators.js
FN:3,withStyle
FN:3,(anonymous_1)
FNF:2
FNH:0
FNDA:0,withStyle
FNDA:0,(anonymous_1)
DA:1,0
DA:3,0
LF:2
LH:0
BRF:0
BRH:0
end_of_record
TN:
SF:/Users/tagawahirotaka/Desktop/ui-components/src/mock/ActionCreator.js
FN:1,(anonymous_0)
FN:1,defineProperties
FN:1,(anonymous_2)
FN:1,_interopRequireDefault
FN:1,_asyncToGenerator
FN:1,(anonymous_5)
FN:1,(anonymous_6)
FN:1,step
FN:1,(anonymous_8)
FN:1,(anonymous_9)
FN:1,_classCallCheck
FN:3,(anonymous_11)
FN:4,ActionCreator
FN:6,(anonymous_13)
FN:6,_callee
FN:6,_callee$
FN:10,fetch
FN:10,(anonymous_17)
FN:10,_callee2
FN:13,_callee2$
FN:15,deleteNotification
FNF:21
FNH:0
FNDA:0,(anonymous_0)
FNDA:0,defineProperties
FNDA:0,(anonymous_2)
FNDA:0,_interopRequireDefault
FNDA:0,_asyncToGenerator
FNDA:0,(anonymous_5)
FNDA:0,(anonymous_6)
FNDA:0,step
FNDA:0,(anonymous_8)
FNDA:0,(anonymous_9)
FNDA:0,_classCallCheck
FNDA:0,(anonymous_11)
FNDA:0,ActionCreator
FNDA:0,(anonymous_13)
FNDA:0,_callee
FNDA:0,_callee$
FNDA:0,fetch
FNDA:0,(anonymous_17)
FNDA:0,_callee2
FNDA:0,_callee2$
FNDA:0,deleteNotification
DA:1,0
DA:3,0
DA:4,0
DA:5,0
DA:6,0
DA:9,0
DA:10,0
DA:13,0
DA:15,0
LF:9
LH:0
BRDA:1,0,0,0
BRDA:1,0,1,0
BRDA:1,1,0,0
BRDA:1,1,1,0
BRDA:1,2,0,0
BRDA:1,2,1,0
BRDA:1,3,0,0
BRDA:1,3,1,0
BRDA:1,4,0,0
BRDA:1,4,1,0
BRDA:1,5,0,0
BRDA:1,5,1,0
BRDA:1,6,0,0
BRDA:1,6,1,0
BRDA:1,7,0,0
BRDA:1,7,1,0
BRDA:6,8,0,0
BRDA:6,8,1,0
BRDA:6,8,2,0
BRDA:6,8,3,0
BRDA:13,9,0,0
BRDA:13,9,1,0
BRDA:13,9,2,0
BRDA:13,9,3,0
BRF:24
BRH:0
end_of_record
TN:
SF:/Users/tagawahirotaka/Desktop/ui-components/src/mock/EventEmitter.js
FN:1,(anonymous_0)
FN:1,defineProperties
FN:1,(anonymous_2)
FN:1,_classCallCheck
FN:1,(anonymous_4)
FN:2,EventEmitter
FN:4,on
FN:11,off
FN:14,(anonymous_8)
FN:16,emit
FN:20,(anonymous_10)
FNF:11
FNH:0
FNDA:0,(anonymous_0)
FNDA:0,defineProperties
FNDA:0,(anonymous_2)
FNDA:0,_classCallCheck
FNDA:0,(anonymous_4)
FNDA:0,EventEmitter
FNDA:0,on
FNDA:0,off
FNDA:0,(anonymous_8)
FNDA:0,emit
FNDA:0,(anonymous_10)
DA:1,0
DA:2,0
DA:3,0
DA:4,0
DA:7,0
DA:8,0
DA:10,0
DA:14,0
DA:15,0
DA:18,0
DA:19,0
DA:20,0
DA:21,0
LF:13
LH:0
BRDA:1,0,0,0
BRDA:1,0,1,0
BRDA:1,1,0,0
BRDA:1,1,1,0
BRDA:1,2,0,0
BRDA:1,2,1,0
BRDA:1,3,0,0
BRDA:1,3,1,0
BRDA:1,4,0,0
BRDA:1,4,1,0
BRDA:7,5,0,0
BRDA:7,5,1,0
BRDA:19,6,0,0
BRDA:19,6,1,0
BRF:14
BRH:0
end_of_record
TN:
SF:/Users/tagawahirotaka/Desktop/ui-components/src/mock/Store.js
FN:1,(anonymous_0)
FN:1,defineProperties
FN:1,(anonymous_2)
FN:1,_interopRequireDefault
FN:1,_toConsumableArray
FN:1,_classCallCheck
FN:1,_possibleConstructorReturn
FN:1,_inherits
FN:3,(anonymous_8)
FN:4,Store
FN:11,get
FN:20,onChange
FN:27,onDeleteNotification
FN:30,(anonymous_13)
FNF:14
FNH:0
FNDA:0,(anonymous_0)
FNDA:0,defineProperties
FNDA:0,(anonymous_2)
FNDA:0,_interopRequireDefault
FNDA:0,_toConsumableArray
FNDA:0,_classCallCheck
FNDA:0,_possibleConstructorReturn
FNDA:0,_inherits
FNDA:0,(anonymous_8)
FNDA:0,Store
FNDA:0,get
FNDA:0,onChange
FNDA:0,onDeleteNotification
FNDA:0,(anonymous_13)
DA:1,0
DA:3,0
DA:4,0
DA:6,0
DA:7,0
DA:8,0
DA:9,0
DA:10,0
DA:11,0
DA:14,0
DA:15,0
DA:22,0
DA:23,0
DA:24,0
DA:25,0
DA:26,0
DA:30,0
DA:31,0
DA:32,0
DA:33,0
DA:34,0
DA:35,0
LF:22
LH:0
BRDA:1,0,0,0
BRDA:1,0,1,0
BRDA:1,1,0,0
BRDA:1,1,1,0
BRDA:1,2,0,0
BRDA:1,2,1,0
BRDA:1,3,0,0
BRDA:1,3,1,0
BRDA:1,4,0,0
BRDA:1,4,1,0
BRDA:1,5,0,0
BRDA:1,5,1,0
BRDA:1,6,0,0
BRDA:1,6,1,0
BRDA:1,7,0,0
BRDA:1,7,1,0
BRDA:1,8,0,0
BRDA:1,8,1,0
BRDA:1,9,0,0
BRDA:1,9,1,0
BRDA:1,10,0,0
BRDA:1,10,1,0
BRDA:1,10,2,0
BRDA:1,11,0,0
BRDA:1,11,1,0
BRDA:1,12,0,0
BRDA:1,12,1,0
BRDA:1,13,0,0
BRDA:1,13,1,0
BRDA:1,14,0,0
BRDA:1,14,1,0
BRDA:1,15,0,0
BRDA:1,15,1,0
BRDA:4,16,0,0
BRDA:4,16,1,0
BRDA:23,17,0,0
BRDA:23,17,1,0
BRDA:24,18,0,0
BRDA:24,18,1,0
BRDA:25,19,0,0
BRDA:25,19,1,0
BRF:41
BRH:0
end_of_record
TN:
SF:/Users/tagawahirotaka/Desktop/ui-components/src/mock/data.js
FNF:0
FNH:0
DA:1,0
DA:59,0
DA:67,0
DA:72,0
LF:4
LH:0
BRF:0
BRH:0
end_of_record
TN:
SF:/Users/tagawahirotaka/Desktop/ui-components/src/mock/http.js
FN:1,_asyncToGenerator
FN:1,(anonymous_1)
FN:1,(anonymous_2)
FN:1,step
FN:1,(anonymous_4)
FN:1,(anonymous_5)
FN:8,get
FN:8,_callee
FN:8,_callee$
FN:21,_delete
FN:21,_callee2
FN:21,_callee2$
FNF:12
FNH:0
FNDA:0,_asyncToGenerator
FNDA:0,(anonymous_1)
FNDA:0,(anonymous_2)
FNDA:0,step
FNDA:0,(anonymous_4)
FNDA:0,(anonymous_5)
FNDA:0,get
FNDA:0,_callee
FNDA:0,_callee$
FNDA:0,_delete
FNDA:0,_callee2
FNDA:0,_callee2$
DA:1,0
DA:8,0
DA:9,0
DA:10,0
DA:14,0
DA:17,0
DA:21,0
DA:22,0
DA:23,0
DA:24,0
DA:26,0
DA:28,0
LF:12
LH:0
BRDA:1,0,0,0
BRDA:1,0,1,0
BRDA:8,1,0,0
BRDA:8,1,1,0
BRDA:8,1,2,0
BRDA:8,1,3,0
BRDA:8,1,4,0
BRDA:9,2,0,0
BRDA:9,2,1,0
BRDA:21,3,0,0
BRDA:21,3,1,0
BRDA:21,3,2,0
BRDA:21,3,3,0
BRDA:21,3,4,0
BRDA:22,4,0,0
BRDA:22,4,1,0
BRF:16
BRH:0
end_of_record
